TN:
SF:src/analytics.ts
FN:35,(anonymous_7)
FN:42,installedEvent
FN:46,upgradedEvent
FN:52,launchedEvent
FN:58,featureChangeEvent
FN:63,authenticatedEvent
FN:69,editedEvent
FN:75,loggedOutEvent
FN:83,featureFlagClientInitializedEvent
FN:87,featureFlagClientInitializationFailedEvent
FN:93,issueCreatedEvent
FN:97,issueTransitionedEvent
FN:101,issueUrlCopiedEvent
FN:105,issueCommentEvent
FN:109,issueWorkStartedEvent
FN:113,issueUpdatedEvent
FN:125,startIssueCreationEvent
FN:129,searchIssuesEvent
FN:135,bbIssueCreatedEvent
FN:139,bbIssueTransitionedEvent
FN:143,bbIssueUrlCopiedEvent
FN:147,bbIssueCommentEvent
FN:151,bbIssueWorkStartedEvent
FN:157,prCreatedEvent
FN:161,prCommentEvent
FN:165,prTaskEvent
FN:171,prCheckoutEvent
FN:175,fileCheckoutEvent
FN:179,prApproveEvent
FN:183,prMergeEvent
FN:187,prUrlCopiedEvent
FN:193,customJQLCreatedEvent
FN:197,pipelineStartEvent
FN:201,pipelineRerunEvent
FN:205,pmfSubmitted
FN:209,pmfSnoozed
FN:213,pmfClosed
FN:217,deepLinkEvent
FN:221,externalLinkEvent
FN:227,viewScreenEvent
FN:258,bbIssuesPaginationEvent
FN:277,prPaginationEvent
FN:296,moreSettingsButtonEvent
FN:312,focusCreateIssueEvent
FN:328,focusIssueEvent
FN:343,focusCreatePullRequestEvent
FN:358,focusPullRequestEvent
FN:373,doneButtonEvent
FN:389,authenticateButtonEvent
FN:417,editButtonEvent
FN:433,logoutButtonEvent
FN:449,saveManualCodeEvent
FN:465,configureJQLButtonEvent
FN:481,openSettingsButtonEvent
FN:497,exploreFeaturesButtonEvent
FN:513,openWorkbenchRepositoryButtonEvent
FN:529,openWorkbenchWorkspaceButtonEvent
FN:545,cloneRepositoryButtonEvent
FN:561,openActiveIssueEvent
FN:579,instanceTrackEvent
FN:580,(anonymous_125)
FN:593,trackEvent
FN:593,(anonymous_127)
FN:602,tenantTrackEvent
FN:603,(anonymous_129)
FN:617,event
FN:628,anyUserOrAnonymous
FN:641,tenantOrNull
FN:653,instanceType
FN:673,excludeFromActivity
FNF:70
FNH:0
FNDA:0,(anonymous_7)
FNDA:0,installedEvent
FNDA:0,upgradedEvent
FNDA:0,launchedEvent
FNDA:0,featureChangeEvent
FNDA:0,authenticatedEvent
FNDA:0,editedEvent
FNDA:0,loggedOutEvent
FNDA:0,featureFlagClientInitializedEvent
FNDA:0,featureFlagClientInitializationFailedEvent
FNDA:0,issueCreatedEvent
FNDA:0,issueTransitionedEvent
FNDA:0,issueUrlCopiedEvent
FNDA:0,issueCommentEvent
FNDA:0,issueWorkStartedEvent
FNDA:0,issueUpdatedEvent
FNDA:0,startIssueCreationEvent
FNDA:0,searchIssuesEvent
FNDA:0,bbIssueCreatedEvent
FNDA:0,bbIssueTransitionedEvent
FNDA:0,bbIssueUrlCopiedEvent
FNDA:0,bbIssueCommentEvent
FNDA:0,bbIssueWorkStartedEvent
FNDA:0,prCreatedEvent
FNDA:0,prCommentEvent
FNDA:0,prTaskEvent
FNDA:0,prCheckoutEvent
FNDA:0,fileCheckoutEvent
FNDA:0,prApproveEvent
FNDA:0,prMergeEvent
FNDA:0,prUrlCopiedEvent
FNDA:0,customJQLCreatedEvent
FNDA:0,pipelineStartEvent
FNDA:0,pipelineRerunEvent
FNDA:0,pmfSubmitted
FNDA:0,pmfSnoozed
FNDA:0,pmfClosed
FNDA:0,deepLinkEvent
FNDA:0,externalLinkEvent
FNDA:0,viewScreenEvent
FNDA:0,bbIssuesPaginationEvent
FNDA:0,prPaginationEvent
FNDA:0,moreSettingsButtonEvent
FNDA:0,focusCreateIssueEvent
FNDA:0,focusIssueEvent
FNDA:0,focusCreatePullRequestEvent
FNDA:0,focusPullRequestEvent
FNDA:0,doneButtonEvent
FNDA:0,authenticateButtonEvent
FNDA:0,editButtonEvent
FNDA:0,logoutButtonEvent
FNDA:0,saveManualCodeEvent
FNDA:0,configureJQLButtonEvent
FNDA:0,openSettingsButtonEvent
FNDA:0,exploreFeaturesButtonEvent
FNDA:0,openWorkbenchRepositoryButtonEvent
FNDA:0,openWorkbenchWorkspaceButtonEvent
FNDA:0,cloneRepositoryButtonEvent
FNDA:0,openActiveIssueEvent
FNDA:0,instanceTrackEvent
FNDA:0,(anonymous_125)
FNDA:0,trackEvent
FNDA:0,(anonymous_127)
FNDA:0,tenantTrackEvent
FNDA:0,(anonymous_129)
FNDA:0,event
FNDA:0,anyUserOrAnonymous
FNDA:0,tenantOrNull
FNDA:0,instanceType
FNDA:0,excludeFromActivity
DA:2,0
DA:3,0
DA:4,0
DA:15,0
DA:23,0
DA:36,0
DA:42,0
DA:43,0
DA:46,0
DA:47,0
DA:52,0
DA:53,0
DA:58,0
DA:59,0
DA:60,0
DA:63,0
DA:64,0
DA:69,0
DA:70,0
DA:75,0
DA:76,0
DA:83,0
DA:84,0
DA:87,0
DA:88,0
DA:93,0
DA:94,0
DA:97,0
DA:98,0
DA:101,0
DA:102,0
DA:105,0
DA:106,0
DA:109,0
DA:110,0
DA:113,0
DA:119,0
DA:125,0
DA:126,0
DA:129,0
DA:130,0
DA:135,0
DA:136,0
DA:139,0
DA:140,0
DA:143,0
DA:144,0
DA:147,0
DA:148,0
DA:151,0
DA:152,0
DA:157,0
DA:158,0
DA:161,0
DA:162,0
DA:165,0
DA:166,0
DA:167,0
DA:168,0
DA:171,0
DA:172,0
DA:175,0
DA:176,0
DA:179,0
DA:180,0
DA:183,0
DA:184,0
DA:187,0
DA:188,0
DA:193,0
DA:194,0
DA:197,0
DA:198,0
DA:201,0
DA:202,0
DA:205,0
DA:206,0
DA:209,0
DA:210,0
DA:213,0
DA:214,0
DA:217,0
DA:218,0
DA:221,0
DA:222,0
DA:227,0
DA:232,0
DA:241,0
DA:242,0
DA:245,0
DA:251,0
DA:253,0
DA:258,0
DA:259,0
DA:274,0
DA:277,0
DA:278,0
DA:293,0
DA:296,0
DA:297,0
DA:309,0
DA:312,0
DA:313,0
DA:325,0
DA:328,0
DA:329,0
DA:341,0
DA:343,0
DA:344,0
DA:356,0
DA:358,0
DA:359,0
DA:371,0
DA:373,0
DA:374,0
DA:386,0
DA:389,0
DA:396,0
DA:414,0
DA:417,0
DA:418,0
DA:430,0
DA:433,0
DA:434,0
DA:446,0
DA:449,0
DA:450,0
DA:462,0
DA:465,0
DA:466,0
DA:478,0
DA:481,0
DA:482,0
DA:494,0
DA:497,0
DA:498,0
DA:510,0
DA:513,0
DA:514,0
DA:526,0
DA:529,0
DA:530,0
DA:542,0
DA:545,0
DA:546,0
DA:558,0
DA:561,0
DA:562,0
DA:574,0
DA:580,0
DA:586,0
DA:590,0
DA:593,0
DA:594,0
DA:599,0
DA:603,0
DA:608,0
DA:614,0
DA:618,0
DA:625,0
DA:630,0
DA:632,0
DA:633,0
DA:635,0
DA:638,0
DA:642,0
DA:645,0
DA:646,0
DA:648,0
DA:650,0
DA:654,0
DA:655,0
DA:657,0
DA:658,0
DA:661,0
DA:662,0
DA:663,0
DA:666,0
DA:667,0
DA:670,0
DA:674,0
DA:676,0
DA:677,0
DA:679,0
DA:681,0
LF:185
LH:0
BRDA:36,0,0,0
BRDA:36,0,1,0
BRDA:59,1,0,0
BRDA:59,1,1,0
BRDA:241,2,0,0
BRDA:251,3,0,0
BRDA:251,3,1,0
BRDA:406,4,0,0
BRDA:406,4,1,0
BRDA:583,5,0,0
BRDA:586,6,0,0
BRDA:586,6,1,0
BRDA:586,7,0,0
BRDA:586,7,1,0
BRDA:593,8,0,0
BRDA:606,9,0,0
BRDA:632,10,0,0
BRDA:632,10,1,0
BRDA:645,11,0,0
BRDA:657,12,0,0
BRDA:661,13,0,0
BRDA:661,14,0,0
BRDA:661,14,1,0
BRDA:662,15,0,0
BRDA:662,15,1,0
BRDA:666,16,0,0
BRDA:676,17,0,0
BRDA:676,17,1,0
BRF:28
BRH:0
end_of_record
TN:
SF:src/commandContext.ts
FN:3,(anonymous_0)
FN:15,setCommandContext
FNF:2
FNH:0
FNDA:0,(anonymous_0)
FNDA:0,setCommandContext
DA:1,0
DA:3,0
DA:4,0
DA:5,0
DA:6,0
DA:7,0
DA:8,0
DA:9,0
DA:10,0
DA:11,0
DA:12,0
DA:15,0
DA:16,0
LF:13
LH:0
BRDA:3,0,0,0
BRDA:3,0,1,0
BRF:2
BRH:0
end_of_record
TN:
SF:src/commands.ts
FN:28,(anonymous_7)
FN:95,registerCommands
FN:97,(anonymous_9)
FN:103,(anonymous_10)
FN:110,(anonymous_11)
FN:116,(anonymous_12)
FN:122,(anonymous_13)
FN:128,(anonymous_14)
FN:134,(anonymous_15)
FN:140,(anonymous_16)
FN:146,(anonymous_17)
FN:153,(anonymous_18)
FN:154,(anonymous_19)
FN:157,(anonymous_20)
FN:157,(anonymous_21)
FN:167,(anonymous_22)
FN:170,(anonymous_23)
FN:170,(anonymous_24)
FN:174,(anonymous_25)
FN:174,(anonymous_26)
FN:178,(anonymous_27)
FN:178,(anonymous_28)
FN:180,(anonymous_29)
FN:183,(anonymous_30)
FN:188,(anonymous_31)
FN:191,(anonymous_32)
FN:191,(anonymous_33)
FN:192,(anonymous_34)
FN:198,(anonymous_35)
FN:201,(anonymous_36)
FN:204,(anonymous_37)
FN:207,(anonymous_38)
FN:211,(anonymous_39)
FN:212,(anonymous_40)
FN:215,(anonymous_41)
FN:216,(anonymous_42)
FN:219,(anonymous_43)
FN:219,(anonymous_44)
FN:220,(anonymous_45)
FN:223,(anonymous_46)
FNF:40
FNH:0
FNDA:0,(anonymous_7)
FNDA:0,registerCommands
FNDA:0,(anonymous_9)
FNDA:0,(anonymous_10)
FNDA:0,(anonymous_11)
FNDA:0,(anonymous_12)
FNDA:0,(anonymous_13)
FNDA:0,(anonymous_14)
FNDA:0,(anonymous_15)
FNDA:0,(anonymous_16)
FNDA:0,(anonymous_17)
FNDA:0,(anonymous_18)
FNDA:0,(anonymous_19)
FNDA:0,(anonymous_20)
FNDA:0,(anonymous_21)
FNDA:0,(anonymous_22)
FNDA:0,(anonymous_23)
FNDA:0,(anonymous_24)
FNDA:0,(anonymous_25)
FNDA:0,(anonymous_26)
FNDA:0,(anonymous_27)
FNDA:0,(anonymous_28)
FNDA:0,(anonymous_29)
FNDA:0,(anonymous_30)
FNDA:0,(anonymous_31)
FNDA:0,(anonymous_32)
FNDA:0,(anonymous_33)
FNDA:0,(anonymous_34)
FNDA:0,(anonymous_35)
FNDA:0,(anonymous_36)
FNDA:0,(anonymous_37)
FNDA:0,(anonymous_38)
FNDA:0,(anonymous_39)
FNDA:0,(anonymous_40)
FNDA:0,(anonymous_41)
FNDA:0,(anonymous_42)
FNDA:0,(anonymous_43)
FNDA:0,(anonymous_44)
FNDA:0,(anonymous_45)
FNDA:0,(anonymous_46)
DA:1,0
DA:2,0
DA:3,0
DA:10,0
DA:11,0
DA:13,0
DA:14,0
DA:15,0
DA:16,0
DA:17,0
DA:18,0
DA:19,0
DA:20,0
DA:21,0
DA:22,0
DA:23,0
DA:28,0
DA:29,0
DA:30,0
DA:31,0
DA:32,0
DA:33,0
DA:34,0
DA:35,0
DA:36,0
DA:37,0
DA:38,0
DA:39,0
DA:40,0
DA:41,0
DA:42,0
DA:43,0
DA:44,0
DA:45,0
DA:46,0
DA:47,0
DA:48,0
DA:49,0
DA:50,0
DA:51,0
DA:52,0
DA:53,0
DA:54,0
DA:55,0
DA:56,0
DA:57,0
DA:58,0
DA:59,0
DA:60,0
DA:61,0
DA:62,0
DA:63,0
DA:64,0
DA:65,0
DA:66,0
DA:67,0
DA:68,0
DA:69,0
DA:70,0
DA:71,0
DA:72,0
DA:73,0
DA:74,0
DA:75,0
DA:76,0
DA:77,0
DA:78,0
DA:79,0
DA:80,0
DA:81,0
DA:82,0
DA:83,0
DA:84,0
DA:85,0
DA:86,0
DA:87,0
DA:88,0
DA:89,0
DA:90,0
DA:91,0
DA:92,0
DA:95,0
DA:96,0
DA:98,0
DA:104,0
DA:105,0
DA:111,0
DA:117,0
DA:123,0
DA:129,0
DA:135,0
DA:141,0
DA:147,0
DA:148,0
DA:153,0
DA:154,0
DA:157,0
DA:158,0
DA:159,0
DA:161,0
DA:162,0
DA:163,0
DA:167,0
DA:170,0
DA:174,0
DA:178,0
DA:180,0
DA:184,0
DA:189,0
DA:191,0
DA:192,0
DA:193,0
DA:195,0
DA:196,0
DA:199,0
DA:202,0
DA:205,0
DA:208,0
DA:212,0
DA:213,0
DA:216,0
DA:217,0
DA:219,0
DA:220,0
DA:221,0
DA:224,0
LF:126
LH:0
BRDA:28,0,0,0
BRDA:28,0,1,0
BRDA:158,1,0,0
BRDA:158,2,0,0
BRDA:158,2,1,0
BRDA:158,2,2,0
BRDA:162,3,0,0
BRDA:185,4,0,0
BRDA:185,4,1,0
BRDA:208,5,0,0
BRDA:208,5,1,0
BRDA:208,6,0,0
BRDA:208,6,1,0
BRDA:208,7,0,0
BRDA:208,7,1,0
BRDA:208,8,0,0
BRDA:208,8,1,0
BRF:17
BRH:0
end_of_record
TN:
SF:src/constants.ts
FNF:0
FNH:0
DA:1,0
DA:2,0
DA:3,0
DA:4,0
DA:5,0
DA:6,0
DA:7,0
DA:8,0
DA:9,0
DA:10,0
DA:11,0
DA:12,0
DA:13,0
DA:14,0
DA:15,0
DA:16,0
DA:17,0
DA:18,0
DA:19,0
DA:21,0
DA:22,0
DA:23,0
DA:25,0
LF:23
LH:0
BRF:0
BRH:0
end_of_record
TN:
SF:src/container.ts
FN:75,(anonymous_0)
FN:199,(anonymous_1)
FN:210,(anonymous_2)
FN:215,(anonymous_3)
FN:252,(anonymous_4)
FN:257,(anonymous_5)
FN:261,(anonymous_6)
FN:265,(anonymous_7)
FN:270,(anonymous_8)
FN:275,(anonymous_9)
FN:282,(anonymous_10)
FN:286,(anonymous_11)
FN:291,(anonymous_12)
FN:296,(anonymous_13)
FN:300,(anonymous_14)
FN:306,(anonymous_15)
FN:311,(anonymous_16)
FN:316,(anonymous_17)
FN:321,(anonymous_18)
FN:326,(anonymous_19)
FN:331,(anonymous_20)
FN:336,(anonymous_21)
FN:341,(anonymous_22)
FN:346,(anonymous_23)
FN:351,(anonymous_24)
FN:356,(anonymous_25)
FN:361,(anonymous_26)
FN:366,(anonymous_27)
FN:371,(anonymous_28)
FN:376,(anonymous_29)
FN:381,(anonymous_30)
FN:386,(anonymous_31)
FN:391,(anonymous_32)
FN:396,(anonymous_33)
FN:401,(anonymous_34)
FN:406,(anonymous_35)
FN:411,(anonymous_36)
FN:416,(anonymous_37)
FN:421,(anonymous_38)
FN:426,(anonymous_39)
FN:431,(anonymous_40)
FN:436,(anonymous_41)
FN:441,(anonymous_42)
FN:446,(anonymous_43)
FN:451,(anonymous_44)
FN:456,(anonymous_45)
FN:461,(anonymous_46)
FN:466,(anonymous_47)
FN:471,(anonymous_48)
FN:476,(anonymous_49)
FN:481,(anonymous_50)
FNF:51
FNH:0
FNDA:0,(anonymous_0)
FNDA:0,(anonymous_1)
FNDA:0,(anonymous_2)
FNDA:0,(anonymous_3)
FNDA:0,(anonymous_4)
FNDA:0,(anonymous_5)
FNDA:0,(anonymous_6)
FNDA:0,(anonymous_7)
FNDA:0,(anonymous_8)
FNDA:0,(anonymous_9)
FNDA:0,(anonymous_10)
FNDA:0,(anonymous_11)
FNDA:0,(anonymous_12)
FNDA:0,(anonymous_13)
FNDA:0,(anonymous_14)
FNDA:0,(anonymous_15)
FNDA:0,(anonymous_16)
FNDA:0,(anonymous_17)
FNDA:0,(anonymous_18)
FNDA:0,(anonymous_19)
FNDA:0,(anonymous_20)
FNDA:0,(anonymous_21)
FNDA:0,(anonymous_22)
FNDA:0,(anonymous_23)
FNDA:0,(anonymous_24)
FNDA:0,(anonymous_25)
FNDA:0,(anonymous_26)
FNDA:0,(anonymous_27)
FNDA:0,(anonymous_28)
FNDA:0,(anonymous_29)
FNDA:0,(anonymous_30)
FNDA:0,(anonymous_31)
FNDA:0,(anonymous_32)
FNDA:0,(anonymous_33)
FNDA:0,(anonymous_34)
FNDA:0,(anonymous_35)
FNDA:0,(anonymous_36)
FNDA:0,(anonymous_37)
FNDA:0,(anonymous_38)
FNDA:0,(anonymous_39)
FNDA:0,(anonymous_40)
FNDA:0,(anonymous_41)
FNDA:0,(anonymous_42)
FNDA:0,(anonymous_43)
FNDA:0,(anonymous_44)
FNDA:0,(anonymous_45)
FNDA:0,(anonymous_46)
FNDA:0,(anonymous_47)
FNDA:0,(anonymous_48)
FNDA:0,(anonymous_49)
FNDA:0,(anonymous_50)
DA:1,0
DA:3,0
DA:4,0
DA:6,0
DA:8,0
DA:12,0
DA:13,0
DA:16,0
DA:18,0
DA:19,0
DA:20,0
DA:21,0
DA:22,0
DA:23,0
DA:24,0
DA:25,0
DA:26,0
DA:27,0
DA:28,0
DA:29,0
DA:30,0
DA:31,0
DA:33,0
DA:36,0
DA:37,0
DA:38,0
DA:39,0
DA:42,0
DA:43,0
DA:46,0
DA:47,0
DA:48,0
DA:49,0
DA:50,0
DA:51,0
DA:52,0
DA:53,0
DA:54,0
DA:55,0
DA:56,0
DA:57,0
DA:58,0
DA:59,0
DA:60,0
DA:61,0
DA:62,0
DA:63,0
DA:64,0
DA:65,0
DA:68,0
DA:69,0
DA:71,0
DA:72,0
DA:74,0
DA:76,0
DA:78,0
DA:88,0
DA:96,0
DA:97,0
DA:98,0
DA:100,0
DA:101,0
DA:102,0
DA:103,0
DA:104,0
DA:105,0
DA:106,0
DA:107,0
DA:108,0
DA:109,0
DA:112,0
DA:113,0
DA:116,0
DA:119,0
DA:120,0
DA:121,0
DA:123,0
DA:125,0
DA:136,0
DA:147,0
DA:153,0
DA:163,0
DA:173,0
DA:174,0
DA:175,0
DA:176,0
DA:177,0
DA:179,0
DA:185,0
DA:187,0
DA:189,0
DA:190,0
DA:191,0
DA:195,0
DA:196,0
DA:199,0
DA:200,0
DA:201,0
DA:202,0
DA:207,0
DA:211,0
DA:212,0
DA:216,0
DA:217,0
DA:218,0
DA:238,0
DA:249,0
DA:252,0
DA:253,0
DA:258,0
DA:262,0
DA:266,0
DA:271,0
DA:272,0
DA:273,0
DA:275,0
DA:279,0
DA:283,0
DA:287,0
DA:292,0
DA:297,0
DA:302,0
DA:307,0
DA:312,0
DA:317,0
DA:322,0
DA:327,0
DA:332,0
DA:337,0
DA:342,0
DA:347,0
DA:352,0
DA:357,0
DA:362,0
DA:367,0
DA:372,0
DA:377,0
DA:382,0
DA:387,0
DA:392,0
DA:397,0
DA:402,0
DA:407,0
DA:412,0
DA:417,0
DA:422,0
DA:427,0
DA:432,0
DA:437,0
DA:442,0
DA:447,0
DA:452,0
DA:457,0
DA:462,0
DA:467,0
DA:472,0
DA:477,0
DA:482,0
LF:158
LH:0
BRDA:76,0,0,0
BRDA:76,0,1,0
BRDA:195,1,0,0
BRDA:195,1,1,0
BRDA:200,2,0,0
BRDA:271,3,0,0
BRDA:275,4,0,0
BRDA:275,4,1,0
BRF:8
BRH:0
end_of_record
TN:
SF:src/extension.ts
FN:29,activate
FN:61,(anonymous_9)
FN:71,(anonymous_10)
FN:91,activateBitbucketFeatures
FN:117,activateYamlFeatures
FN:128,showWelcomePage
FN:136,(anonymous_17)
FN:144,sendAnalytics
FN:149,(anonymous_20)
FN:157,(anonymous_21)
FN:162,(anonymous_22)
FN:168,deactivate
FNF:12
FNH:0
FNDA:0,activate
FNDA:0,(anonymous_9)
FNDA:0,(anonymous_10)
FNDA:0,activateBitbucketFeatures
FNDA:0,activateYamlFeatures
FNDA:0,showWelcomePage
FNDA:0,(anonymous_17)
FNDA:0,sendAnalytics
FNDA:0,(anonymous_20)
FNDA:0,(anonymous_21)
FNDA:0,(anonymous_22)
FNDA:0,deactivate
DA:3,0
DA:4,0
DA:5,0
DA:6,0
DA:7,0
DA:8,0
DA:9,0
DA:10,0
DA:11,0
DA:12,0
DA:13,0
DA:14,0
DA:15,0
DA:16,0
DA:17,0
DA:22,0
DA:24,0
DA:25,0
DA:27,0
DA:29,0
DA:30,0
DA:31,0
DA:32,0
DA:33,0
DA:35,0
DA:37,0
DA:38,0
DA:41,0
DA:43,0
DA:44,0
DA:46,0
DA:47,0
DA:49,0
DA:53,0
DA:58,0
DA:61,0
DA:62,0
DA:65,0
DA:66,0
DA:68,0
DA:70,0
DA:71,0
DA:72,0
DA:75,0
DA:76,0
DA:81,0
DA:82,0
DA:84,0
DA:93,0
DA:94,0
DA:95,0
DA:96,0
DA:98,0
DA:100,0
DA:101,0
DA:104,0
DA:107,0
DA:108,0
DA:109,0
DA:110,0
DA:112,0
DA:113,0
DA:118,0
DA:124,0
DA:125,0
DA:129,0
DA:134,0
DA:137,0
DA:138,0
DA:145,0
DA:146,0
DA:148,0
DA:149,0
DA:150,0
DA:152,0
DA:155,0
DA:156,0
DA:157,0
DA:158,0
DA:162,0
DA:163,0
DA:168,0
LF:82
LH:0
BRDA:65,0,0,0
BRDA:65,0,1,0
BRDA:65,1,0,0
BRDA:65,1,1,0
BRDA:95,2,0,0
BRDA:129,3,0,0
BRDA:130,4,0,0
BRDA:130,4,1,0
BRDA:130,4,2,0
BRDA:130,4,3,0
BRDA:137,5,0,0
BRDA:148,6,0,0
BRDA:155,7,0,0
BRDA:162,8,0,0
BRDA:162,8,1,0
BRF:15
BRH:0
end_of_record
TN:
SF:src/logger.ts
FN:14,(anonymous_0)
FN:16,(anonymous_1)
FN:20,(anonymous_2)
FN:25,(anonymous_3)
FN:45,(anonymous_4)
FN:49,(anonymous_5)
FN:59,(anonymous_6)
FN:63,(anonymous_7)
FN:77,(anonymous_8)
FN:81,(anonymous_9)
FN:95,(anonymous_10)
FN:99,(anonymous_11)
FN:113,(anonymous_12)
FN:119,(anonymous_13)
FNF:14
FNH:0
FNDA:0,(anonymous_0)
FNDA:0,(anonymous_1)
FNDA:0,(anonymous_2)
FNDA:0,(anonymous_3)
FNDA:0,(anonymous_4)
FNDA:0,(anonymous_5)
FNDA:0,(anonymous_6)
FNDA:0,(anonymous_7)
FNDA:0,(anonymous_8)
FNDA:0,(anonymous_9)
FNDA:0,(anonymous_10)
FNDA:0,(anonymous_11)
FNDA:0,(anonymous_12)
FNDA:0,(anonymous_13)
DA:2,0
DA:3,0
DA:4,0
DA:5,0
DA:7,0
DA:9,0
DA:11,0
DA:17,0
DA:21,0
DA:22,0
DA:26,0
DA:28,0
DA:29,0
DA:30,0
DA:31,0
DA:32,0
DA:35,0
DA:36,0
DA:37,0
DA:38,0
DA:41,0
DA:46,0
DA:50,0
DA:51,0
DA:54,0
DA:55,0
DA:60,0
DA:64,0
DA:65,0
DA:68,0
DA:69,0
DA:72,0
DA:73,0
DA:78,0
DA:82,0
DA:83,0
DA:86,0
DA:87,0
DA:90,0
DA:91,0
DA:96,0
DA:100,0
DA:101,0
DA:104,0
DA:105,0
DA:108,0
DA:109,0
DA:114,0
DA:115,0
DA:120,0
DA:121,0
DA:122,0
LF:52
LH:0
BRDA:17,0,0,0
BRDA:17,0,1,0
BRDA:29,1,0,0
BRDA:29,1,1,0
BRDA:29,2,0,0
BRDA:29,2,1,0
BRDA:31,3,0,0
BRDA:31,4,0,0
BRDA:31,4,1,0
BRDA:35,5,0,0
BRDA:35,5,1,0
BRDA:36,6,0,0
BRDA:41,7,0,0
BRDA:41,7,1,0
BRDA:50,8,0,0
BRDA:50,9,0,0
BRDA:50,9,1,0
BRDA:54,10,0,0
BRDA:64,11,0,0
BRDA:68,12,0,0
BRDA:72,13,0,0
BRDA:82,14,0,0
BRDA:86,15,0,0
BRDA:90,16,0,0
BRDA:100,17,0,0
BRDA:104,18,0,0
BRDA:108,19,0,0
BRDA:114,20,0,0
BRF:28
BRH:0
end_of_record
TN:
SF:src/resources.ts
FN:18,(anonymous_0)
FN:41,registerResources
FNF:2
FNH:0
FNDA:0,(anonymous_0)
FNDA:0,registerResources
DA:1,0
DA:2,0
DA:3,0
DA:5,0
DA:6,0
DA:7,0
DA:9,0
DA:10,0
DA:18,0
DA:19,0
DA:20,0
DA:21,0
DA:22,0
DA:23,0
DA:24,0
DA:25,0
DA:26,0
DA:27,0
DA:28,0
DA:29,0
DA:30,0
DA:31,0
DA:32,0
DA:33,0
DA:34,0
DA:35,0
DA:36,0
DA:37,0
DA:38,0
DA:41,0
DA:42,0
DA:46,0
DA:50,0
DA:54,0
DA:58,0
DA:62,0
DA:66,0
DA:70,0
DA:74,0
DA:78,0
DA:82,0
DA:86,0
DA:90,0
DA:94,0
DA:96,0
DA:100,0
DA:104,0
DA:108,0
DA:112,0
DA:116,0
DA:121,0
DA:123,0
DA:127,0
DA:131,0
DA:135,0
DA:139,0
DA:145,0
LF:57
LH:0
BRDA:18,0,0,0
BRDA:18,0,1,0
BRF:2
BRH:0
end_of_record
TN:
SF:src/siteManager.ts
FN:31,(anonymous_0)
FN:35,(anonymous_1)
FN:36,(anonymous_2)
FN:46,(anonymous_3)
FN:51,(anonymous_4)
FN:53,(anonymous_5)
FN:61,(anonymous_6)
FN:71,(anonymous_7)
FN:77,(anonymous_8)
FN:77,(anonymous_9)
FN:98,(anonymous_10)
FN:101,(anonymous_11)
FN:112,(anonymous_12)
FN:114,(anonymous_13)
FN:115,(anonymous_14)
FN:130,(anonymous_15)
FN:134,(anonymous_16)
FN:136,(anonymous_17)
FN:139,(anonymous_18)
FN:150,(anonymous_19)
FN:165,(anonymous_20)
FN:174,(anonymous_21)
FN:185,(anonymous_22)
FN:187,(anonymous_23)
FN:195,(anonymous_24)
FN:199,(anonymous_25)
FN:201,(anonymous_26)
FN:210,(anonymous_27)
FN:216,(anonymous_28)
FN:218,(anonymous_29)
FN:226,(anonymous_30)
FN:228,(anonymous_31)
FN:234,(anonymous_32)
FN:235,(anonymous_33)
FN:238,(anonymous_34)
FN:241,(anonymous_35)
FNF:36
FNH:0
FNDA:0,(anonymous_0)
FNDA:0,(anonymous_1)
FNDA:0,(anonymous_2)
FNDA:0,(anonymous_3)
FNDA:0,(anonymous_4)
FNDA:0,(anonymous_5)
FNDA:0,(anonymous_6)
FNDA:0,(anonymous_7)
FNDA:0,(anonymous_8)
FNDA:0,(anonymous_9)
FNDA:0,(anonymous_10)
FNDA:0,(anonymous_11)
FNDA:0,(anonymous_12)
FNDA:0,(anonymous_13)
FNDA:0,(anonymous_14)
FNDA:0,(anonymous_15)
FNDA:0,(anonymous_16)
FNDA:0,(anonymous_17)
FNDA:0,(anonymous_18)
FNDA:0,(anonymous_19)
FNDA:0,(anonymous_20)
FNDA:0,(anonymous_21)
FNDA:0,(anonymous_22)
FNDA:0,(anonymous_23)
FNDA:0,(anonymous_24)
FNDA:0,(anonymous_25)
FNDA:0,(anonymous_26)
FNDA:0,(anonymous_27)
FNDA:0,(anonymous_28)
FNDA:0,(anonymous_29)
FNDA:0,(anonymous_30)
FNDA:0,(anonymous_31)
FNDA:0,(anonymous_32)
FNDA:0,(anonymous_33)
FNDA:0,(anonymous_34)
FNDA:0,(anonymous_35)
DA:1,0
DA:2,0
DA:13,0
DA:14,0
DA:15,0
DA:23,0
DA:25,0
DA:30,0
DA:32,0
DA:36,0
DA:38,0
DA:39,0
DA:40,0
DA:41,0
DA:43,0
DA:47,0
DA:48,0
DA:52,0
DA:53,0
DA:54,0
DA:55,0
DA:57,0
DA:62,0
DA:63,0
DA:66,0
DA:67,0
DA:68,0
DA:69,0
DA:71,0
DA:72,0
DA:73,0
DA:77,0
DA:78,0
DA:79,0
DA:81,0
DA:83,0
DA:86,0
DA:87,0
DA:89,0
DA:90,0
DA:99,0
DA:100,0
DA:101,0
DA:102,0
DA:103,0
DA:105,0
DA:106,0
DA:107,0
DA:113,0
DA:114,0
DA:115,0
DA:116,0
DA:117,0
DA:122,0
DA:123,0
DA:131,0
DA:135,0
DA:136,0
DA:143,0
DA:144,0
DA:146,0
DA:147,0
DA:151,0
DA:153,0
DA:154,0
DA:155,0
DA:156,0
DA:159,0
DA:162,0
DA:166,0
DA:168,0
DA:169,0
DA:171,0
DA:175,0
DA:176,0
DA:178,0
DA:179,0
DA:180,0
DA:182,0
DA:186,0
DA:187,0
DA:188,0
DA:189,0
DA:192,0
DA:196,0
DA:201,0
DA:202,0
DA:203,0
DA:208,0
DA:209,0
DA:210,0
DA:211,0
DA:212,0
DA:216,0
DA:217,0
DA:218,0
DA:222,0
DA:223,0
DA:226,0
DA:227,0
DA:228,0
DA:235,0
DA:239,0
DA:240,0
DA:241,0
DA:242,0
DA:243,0
DA:244,0
DA:245,0
DA:246,0
DA:247,0
DA:248,0
DA:250,0
DA:251,0
DA:254,0
DA:258,0
LF:116
LH:0
BRDA:53,0,0,0
BRDA:53,0,1,0
BRDA:53,1,0,0
BRDA:53,1,1,0
BRDA:53,2,0,0
BRDA:53,2,1,0
BRDA:54,3,0,0
BRDA:54,3,1,0
BRDA:62,4,0,0
BRDA:69,5,0,0
BRDA:69,5,1,0
BRDA:72,6,0,0
BRDA:77,7,0,0
BRDA:77,7,1,0
BRDA:78,8,0,0
BRDA:89,9,0,0
BRDA:100,10,0,0
BRDA:101,11,0,0
BRDA:101,11,1,0
BRDA:102,12,0,0
BRDA:113,13,0,0
BRDA:113,13,1,0
BRDA:116,14,0,0
BRDA:122,15,0,0
BRDA:136,16,0,0
BRDA:136,16,1,0
BRDA:136,17,0,0
BRDA:136,17,1,0
BRDA:143,18,0,0
BRDA:143,19,0,0
BRDA:143,19,1,0
BRDA:153,20,0,0
BRDA:153,21,0,0
BRDA:153,21,1,0
BRDA:155,22,0,0
BRDA:168,23,0,0
BRDA:175,24,0,0
BRDA:179,25,0,0
BRDA:188,26,0,0
BRDA:202,27,0,0
BRDA:211,28,0,0
BRDA:217,29,0,0
BRDA:217,29,1,0
BRDA:222,30,0,0
BRDA:227,31,0,0
BRDA:227,31,1,0
BRDA:240,32,0,0
BRDA:240,33,0,0
BRDA:240,33,1,0
BRDA:242,34,0,0
BRDA:250,35,0,0
BRF:51
BRH:0
end_of_record
TN:
SF:src/uriHandler.ts
FN:52,(anonymous_7)
FN:59,(anonymous_8)
FN:77,(anonymous_10)
FN:90,(anonymous_12)
FN:98,(anonymous_13)
FN:126,(anonymous_14)
FN:138,(anonymous_16)
FN:146,(anonymous_17)
FN:171,(anonymous_18)
FN:196,(anonymous_20)
FN:215,(anonymous_22)
FN:234,(anonymous_24)
FNF:12
FNH:0
FNDA:0,(anonymous_7)
FNDA:0,(anonymous_8)
FNDA:0,(anonymous_10)
FNDA:0,(anonymous_12)
FNDA:0,(anonymous_13)
FNDA:0,(anonymous_14)
FNDA:0,(anonymous_16)
FNDA:0,(anonymous_17)
FNDA:0,(anonymous_18)
FNDA:0,(anonymous_20)
FNDA:0,(anonymous_22)
FNDA:0,(anonymous_24)
DA:1,0
DA:2,0
DA:6,0
DA:7,0
DA:8,0
DA:9,0
DA:10,0
DA:11,0
DA:13,0
DA:16,0
DA:17,0
DA:49,0
DA:53,0
DA:54,0
DA:56,0
DA:60,0
DA:61,0
DA:62,0
DA:63,0
DA:64,0
DA:65,0
DA:66,0
DA:67,0
DA:68,0
DA:69,0
DA:70,0
DA:71,0
DA:72,0
DA:73,0
DA:78,0
DA:79,0
DA:80,0
DA:81,0
DA:84,0
DA:85,0
DA:88,0
DA:89,0
DA:90,0
DA:92,0
DA:93,0
DA:99,0
DA:100,0
DA:106,0
DA:108,0
DA:109,0
DA:110,0
DA:113,0
DA:116,0
DA:121,0
DA:122,0
DA:127,0
DA:128,0
DA:129,0
DA:130,0
DA:132,0
DA:133,0
DA:136,0
DA:137,0
DA:138,0
DA:140,0
DA:141,0
DA:147,0
DA:148,0
DA:154,0
DA:156,0
DA:157,0
DA:158,0
DA:161,0
DA:164,0
DA:166,0
DA:167,0
DA:172,0
DA:173,0
DA:174,0
DA:175,0
DA:176,0
DA:177,0
DA:178,0
DA:181,0
DA:182,0
DA:184,0
DA:185,0
DA:191,0
DA:192,0
DA:197,0
DA:198,0
DA:199,0
DA:200,0
DA:201,0
DA:203,0
DA:204,0
DA:205,0
DA:207,0
DA:208,0
DA:210,0
DA:211,0
DA:216,0
DA:217,0
DA:218,0
DA:219,0
DA:222,0
DA:223,0
DA:224,0
DA:229,0
DA:230,0
DA:235,0
LF:106
LH:0
BRDA:60,0,0,0
BRDA:60,0,1,0
BRDA:62,1,0,0
BRDA:62,1,1,0
BRDA:64,2,0,0
BRDA:64,2,1,0
BRDA:66,3,0,0
BRDA:66,3,1,0
BRDA:68,4,0,0
BRDA:68,4,1,0
BRDA:70,5,0,0
BRDA:70,5,1,0
BRDA:72,6,0,0
BRDA:84,7,0,0
BRDA:84,8,0,0
BRDA:84,8,1,0
BRDA:90,9,0,0
BRDA:90,9,1,0
BRDA:92,10,0,0
BRDA:92,10,1,0
BRDA:99,11,0,0
BRDA:109,12,0,0
BRDA:109,13,0,0
BRDA:109,13,1,0
BRDA:117,14,0,0
BRDA:117,14,1,0
BRDA:132,15,0,0
BRDA:132,16,0,0
BRDA:132,16,1,0
BRDA:138,17,0,0
BRDA:138,17,1,0
BRDA:140,18,0,0
BRDA:140,18,1,0
BRDA:147,19,0,0
BRDA:157,20,0,0
BRDA:157,21,0,0
BRDA:157,21,1,0
BRDA:164,22,0,0
BRDA:164,22,1,0
BRDA:173,23,0,0
BRDA:173,23,1,0
BRDA:174,24,0,0
BRDA:174,24,1,0
BRDA:177,25,0,0
BRDA:177,26,0,0
BRDA:177,26,1,0
BRDA:177,26,2,0
BRDA:184,27,0,0
BRDA:186,28,0,0
BRDA:186,28,1,0
BRDA:199,29,0,0
BRDA:199,29,1,0
BRDA:200,30,0,0
BRDA:208,31,0,0
BRDA:208,31,1,0
BRDA:217,32,0,0
BRDA:217,32,1,0
BRDA:218,33,0,0
BRDA:225,34,0,0
BRDA:225,34,1,0
BRF:60
BRH:0
end_of_record
TN:
SF:src/vscAnalyticsApi.ts
FN:59,(anonymous_7)
FN:65,(anonymous_8)
FN:66,(anonymous_10)
FN:71,(anonymous_11)
FN:72,(anonymous_13)
FN:77,(anonymous_14)
FN:78,(anonymous_16)
FN:83,(anonymous_17)
FN:84,(anonymous_19)
FN:89,(anonymous_20)
FN:90,(anonymous_22)
FN:95,(anonymous_23)
FN:96,(anonymous_25)
FN:101,(anonymous_26)
FN:102,(anonymous_28)
FN:107,(anonymous_29)
FN:108,(anonymous_31)
FN:113,(anonymous_32)
FN:114,(anonymous_34)
FN:119,(anonymous_35)
FN:120,(anonymous_37)
FN:125,(anonymous_38)
FN:126,(anonymous_40)
FN:131,(anonymous_41)
FN:137,(anonymous_43)
FN:142,(anonymous_44)
FN:143,(anonymous_46)
FN:148,(anonymous_47)
FN:149,(anonymous_49)
FN:154,(anonymous_50)
FN:155,(anonymous_52)
FN:160,(anonymous_53)
FN:161,(anonymous_55)
FN:166,(anonymous_56)
FN:167,(anonymous_58)
FN:172,(anonymous_59)
FN:173,(anonymous_61)
FN:178,(anonymous_62)
FN:179,(anonymous_64)
FN:184,(anonymous_65)
FN:185,(anonymous_67)
FN:190,(anonymous_68)
FN:191,(anonymous_70)
FN:196,(anonymous_71)
FN:197,(anonymous_73)
FN:202,(anonymous_74)
FN:203,(anonymous_76)
FN:208,(anonymous_77)
FN:209,(anonymous_79)
FN:214,(anonymous_80)
FN:215,(anonymous_82)
FN:220,(anonymous_83)
FN:221,(anonymous_85)
FN:226,(anonymous_86)
FN:227,(anonymous_88)
FN:232,(anonymous_89)
FN:233,(anonymous_91)
FN:238,(anonymous_92)
FN:239,(anonymous_94)
FN:244,(anonymous_95)
FN:245,(anonymous_97)
FN:250,(anonymous_98)
FN:251,(anonymous_100)
FN:256,(anonymous_101)
FN:257,(anonymous_103)
FN:262,(anonymous_104)
FN:263,(anonymous_106)
FN:268,(anonymous_107)
FN:269,(anonymous_109)
FN:274,(anonymous_110)
FN:275,(anonymous_112)
FN:280,(anonymous_113)
FN:281,(anonymous_115)
FN:286,(anonymous_116)
FN:287,(anonymous_118)
FN:292,(anonymous_119)
FN:293,(anonymous_121)
FN:298,(anonymous_122)
FN:299,(anonymous_124)
FN:304,(anonymous_125)
FN:305,(anonymous_127)
FN:310,(anonymous_128)
FN:311,(anonymous_130)
FN:316,(anonymous_131)
FN:317,(anonymous_133)
FN:322,(anonymous_134)
FN:323,(anonymous_136)
FN:328,(anonymous_137)
FN:329,(anonymous_139)
FN:334,(anonymous_140)
FN:335,(anonymous_142)
FN:340,(anonymous_143)
FN:341,(anonymous_145)
FN:346,(anonymous_146)
FN:347,(anonymous_148)
FNF:95
FNH:0
FNDA:0,(anonymous_7)
FNDA:0,(anonymous_8)
FNDA:0,(anonymous_10)
FNDA:0,(anonymous_11)
FNDA:0,(anonymous_13)
FNDA:0,(anonymous_14)
FNDA:0,(anonymous_16)
FNDA:0,(anonymous_17)
FNDA:0,(anonymous_19)
FNDA:0,(anonymous_20)
FNDA:0,(anonymous_22)
FNDA:0,(anonymous_23)
FNDA:0,(anonymous_25)
FNDA:0,(anonymous_26)
FNDA:0,(anonymous_28)
FNDA:0,(anonymous_29)
FNDA:0,(anonymous_31)
FNDA:0,(anonymous_32)
FNDA:0,(anonymous_34)
FNDA:0,(anonymous_35)
FNDA:0,(anonymous_37)
FNDA:0,(anonymous_38)
FNDA:0,(anonymous_40)
FNDA:0,(anonymous_41)
FNDA:0,(anonymous_43)
FNDA:0,(anonymous_44)
FNDA:0,(anonymous_46)
FNDA:0,(anonymous_47)
FNDA:0,(anonymous_49)
FNDA:0,(anonymous_50)
FNDA:0,(anonymous_52)
FNDA:0,(anonymous_53)
FNDA:0,(anonymous_55)
FNDA:0,(anonymous_56)
FNDA:0,(anonymous_58)
FNDA:0,(anonymous_59)
FNDA:0,(anonymous_61)
FNDA:0,(anonymous_62)
FNDA:0,(anonymous_64)
FNDA:0,(anonymous_65)
FNDA:0,(anonymous_67)
FNDA:0,(anonymous_68)
FNDA:0,(anonymous_70)
FNDA:0,(anonymous_71)
FNDA:0,(anonymous_73)
FNDA:0,(anonymous_74)
FNDA:0,(anonymous_76)
FNDA:0,(anonymous_77)
FNDA:0,(anonymous_79)
FNDA:0,(anonymous_80)
FNDA:0,(anonymous_82)
FNDA:0,(anonymous_83)
FNDA:0,(anonymous_85)
FNDA:0,(anonymous_86)
FNDA:0,(anonymous_88)
FNDA:0,(anonymous_89)
FNDA:0,(anonymous_91)
FNDA:0,(anonymous_92)
FNDA:0,(anonymous_94)
FNDA:0,(anonymous_95)
FNDA:0,(anonymous_97)
FNDA:0,(anonymous_98)
FNDA:0,(anonymous_100)
FNDA:0,(anonymous_101)
FNDA:0,(anonymous_103)
FNDA:0,(anonymous_104)
FNDA:0,(anonymous_106)
FNDA:0,(anonymous_107)
FNDA:0,(anonymous_109)
FNDA:0,(anonymous_110)
FNDA:0,(anonymous_112)
FNDA:0,(anonymous_113)
FNDA:0,(anonymous_115)
FNDA:0,(anonymous_116)
FNDA:0,(anonymous_118)
FNDA:0,(anonymous_119)
FNDA:0,(anonymous_121)
FNDA:0,(anonymous_122)
FNDA:0,(anonymous_124)
FNDA:0,(anonymous_125)
FNDA:0,(anonymous_127)
FNDA:0,(anonymous_128)
FNDA:0,(anonymous_130)
FNDA:0,(anonymous_131)
FNDA:0,(anonymous_133)
FNDA:0,(anonymous_134)
FNDA:0,(anonymous_136)
FNDA:0,(anonymous_137)
FNDA:0,(anonymous_139)
FNDA:0,(anonymous_140)
FNDA:0,(anonymous_142)
FNDA:0,(anonymous_143)
FNDA:0,(anonymous_145)
FNDA:0,(anonymous_146)
FNDA:0,(anonymous_148)
DA:1,0
DA:54,0
DA:60,0
DA:61,0
DA:62,0
DA:66,0
DA:67,0
DA:72,0
DA:73,0
DA:78,0
DA:79,0
DA:84,0
DA:85,0
DA:90,0
DA:91,0
DA:96,0
DA:97,0
DA:102,0
DA:103,0
DA:108,0
DA:109,0
DA:114,0
DA:115,0
DA:120,0
DA:121,0
DA:126,0
DA:127,0
DA:137,0
DA:138,0
DA:143,0
DA:144,0
DA:149,0
DA:150,0
DA:155,0
DA:156,0
DA:161,0
DA:162,0
DA:167,0
DA:168,0
DA:173,0
DA:174,0
DA:179,0
DA:180,0
DA:185,0
DA:186,0
DA:191,0
DA:192,0
DA:197,0
DA:198,0
DA:203,0
DA:204,0
DA:209,0
DA:210,0
DA:215,0
DA:216,0
DA:221,0
DA:222,0
DA:227,0
DA:228,0
DA:233,0
DA:234,0
DA:239,0
DA:240,0
DA:245,0
DA:246,0
DA:251,0
DA:252,0
DA:257,0
DA:258,0
DA:263,0
DA:264,0
DA:269,0
DA:270,0
DA:275,0
DA:276,0
DA:281,0
DA:282,0
DA:287,0
DA:288,0
DA:293,0
DA:294,0
DA:299,0
DA:300,0
DA:305,0
DA:306,0
DA:311,0
DA:312,0
DA:317,0
DA:318,0
DA:323,0
DA:324,0
DA:329,0
DA:330,0
DA:335,0
DA:336,0
DA:341,0
DA:342,0
DA:347,0
DA:348,0
LF:99
LH:0
BRDA:191,0,0,0
BRDA:191,0,1,0
BRF:2
BRH:0
end_of_record
TN:
SF:src/ws.ts
FN:11,(anonymous_0)
FN:15,(anonymous_1)
FN:18,(anonymous_2)
FN:22,(anonymous_3)
FN:28,(anonymous_4)
FN:36,(anonymous_5)
FN:48,(anonymous_6)
FN:56,(anonymous_7)
FN:58,(anonymous_8)
FN:63,(anonymous_9)
FNF:10
FNH:0
FNDA:0,(anonymous_0)
FNDA:0,(anonymous_1)
FNDA:0,(anonymous_2)
FNDA:0,(anonymous_3)
FNDA:0,(anonymous_4)
FNDA:0,(anonymous_5)
FNDA:0,(anonymous_6)
FNDA:0,(anonymous_7)
FNDA:0,(anonymous_8)
FNDA:0,(anonymous_9)
DA:1,0
DA:3,0
DA:5,0
DA:9,0
DA:12,0
DA:16,0
DA:17,0
DA:18,0
DA:22,0
DA:23,0
DA:26,0
DA:28,0
DA:29,0
DA:30,0
DA:32,0
DA:33,0
DA:36,0
DA:37,0
DA:38,0
DA:39,0
DA:40,0
DA:41,0
DA:43,0
DA:48,0
DA:49,0
DA:51,0
DA:57,0
DA:58,0
DA:59,0
DA:64,0
DA:65,0
DA:66,0
DA:67,0
DA:70,0
DA:71,0
DA:72,0
LF:36
LH:0
BRDA:38,0,0,0
BRDA:65,1,0,0
BRDA:70,2,0,0
BRF:3
BRH:0
end_of_record
TN:
SF:src/atlclients/authInfo.ts
FN:3,(anonymous_0)
FN:37,(anonymous_1)
FN:66,(anonymous_2)
FN:205,isUpdateAuthEvent
FN:213,isRemoveAuthEvent
FN:217,isDetailedSiteInfo
FN:228,isEmptySiteInfo
FN:239,isOAuthInfo
FN:243,isBasicAuthInfo
FN:247,isPATAuthInfo
FN:251,getSecretForAuthInfo
FN:267,oauthProviderForSite
FNF:12
FNH:0
FNDA:0,(anonymous_0)
FNDA:0,(anonymous_1)
FNDA:0,(anonymous_2)
FNDA:0,isUpdateAuthEvent
FNDA:0,isRemoveAuthEvent
FNDA:0,isDetailedSiteInfo
FNDA:0,isEmptySiteInfo
FNDA:0,isOAuthInfo
FNDA:0,isBasicAuthInfo
FNDA:0,isPATAuthInfo
FNDA:0,getSecretForAuthInfo
FNDA:0,oauthProviderForSite
DA:3,0
DA:4,0
DA:5,0
DA:27,0
DA:32,0
DA:37,0
DA:38,0
DA:39,0
DA:40,0
DA:41,0
DA:66,0
DA:67,0
DA:68,0
DA:146,0
DA:153,0
DA:158,0
DA:171,0
DA:179,0
DA:187,0
DA:192,0
DA:199,0
DA:205,0
DA:206,0
DA:213,0
DA:214,0
DA:217,0
DA:218,0
DA:228,0
DA:229,0
DA:239,0
DA:240,0
DA:243,0
DA:244,0
DA:247,0
DA:248,0
DA:251,0
DA:252,0
DA:253,0
DA:256,0
DA:257,0
DA:260,0
DA:261,0
DA:264,0
DA:267,0
DA:268,0
DA:270,0
DA:271,0
DA:274,0
DA:275,0
DA:278,0
DA:279,0
DA:282,0
DA:283,0
DA:286,0
LF:54
LH:0
BRDA:3,0,0,0
BRDA:3,0,1,0
BRDA:37,1,0,0
BRDA:37,1,1,0
BRDA:66,2,0,0
BRDA:66,2,1,0
BRDA:207,3,0,0
BRDA:207,3,1,0
BRDA:207,3,2,0
BRDA:214,4,0,0
BRDA:214,4,1,0
BRDA:219,5,0,0
BRDA:219,5,1,0
BRDA:219,5,2,0
BRDA:219,5,3,0
BRDA:219,5,4,0
BRDA:219,5,5,0
BRDA:230,6,0,0
BRDA:230,6,1,0
BRDA:230,6,2,0
BRDA:230,6,3,0
BRDA:230,6,4,0
BRDA:230,6,5,0
BRDA:240,7,0,0
BRDA:240,7,1,0
BRDA:240,7,2,0
BRDA:244,8,0,0
BRDA:244,8,1,0
BRDA:244,8,2,0
BRDA:248,9,0,0
BRDA:248,9,1,0
BRDA:252,10,0,0
BRDA:256,11,0,0
BRDA:260,12,0,0
BRDA:270,13,0,0
BRDA:270,14,0,0
BRDA:270,14,1,0
BRDA:274,15,0,0
BRDA:278,16,0,0
BRDA:282,17,0,0
BRF:40
BRH:0
end_of_record
TN:
SF:src/atlclients/authStore.ts
FN:32,(anonymous_7)
FN:42,(anonymous_8)
FN:48,(anonymous_9)
FN:52,(anonymous_10)
FN:61,(anonymous_11)
FN:61,(anonymous_12)
FN:68,(anonymous_13)
FN:119,(anonymous_15)
FN:202,(anonymous_17)
FN:212,(anonymous_19)
FN:214,(anonymous_21)
FN:214,(anonymous_22)
FN:224,(anonymous_23)
FN:230,(anonymous_25)
FN:230,(anonymous_26)
FN:237,(anonymous_27)
FN:240,(anonymous_29)
FN:240,(anonymous_30)
FN:251,(anonymous_31)
FN:254,(anonymous_33)
FN:254,(anonymous_34)
FN:267,(anonymous_35)
FN:286,(anonymous_37)
FN:300,(anonymous_39)
FN:300,(anonymous_40)
FN:325,(anonymous_41)
FN:358,(anonymous_43)
FN:385,(anonymous_45)
FN:394,(anonymous_46)
FN:404,(anonymous_47)
FNF:30
FNH:0
FNDA:0,(anonymous_7)
FNDA:0,(anonymous_8)
FNDA:0,(anonymous_9)
FNDA:0,(anonymous_10)
FNDA:0,(anonymous_11)
FNDA:0,(anonymous_12)
FNDA:0,(anonymous_13)
FNDA:0,(anonymous_15)
FNDA:0,(anonymous_17)
FNDA:0,(anonymous_19)
FNDA:0,(anonymous_21)
FNDA:0,(anonymous_22)
FNDA:0,(anonymous_23)
FNDA:0,(anonymous_25)
FNDA:0,(anonymous_26)
FNDA:0,(anonymous_27)
FNDA:0,(anonymous_29)
FNDA:0,(anonymous_30)
FNDA:0,(anonymous_31)
FNDA:0,(anonymous_33)
FNDA:0,(anonymous_34)
FNDA:0,(anonymous_35)
FNDA:0,(anonymous_37)
FNDA:0,(anonymous_39)
FNDA:0,(anonymous_40)
FNDA:0,(anonymous_41)
FNDA:0,(anonymous_43)
FNDA:0,(anonymous_45)
FNDA:0,(anonymous_46)
FNDA:0,(anonymous_47)
DA:1,0
DA:18,0
DA:19,0
DA:22,0
DA:23,0
DA:24,0
DA:26,0
DA:27,0
DA:28,0
DA:29,0
DA:30,0
DA:32,0
DA:33,0
DA:34,0
DA:37,0
DA:38,0
DA:39,0
DA:40,0
DA:42,0
DA:43,0
DA:44,0
DA:47,0
DA:49,0
DA:53,0
DA:54,0
DA:61,0
DA:62,0
DA:69,0
DA:70,0
DA:72,0
DA:73,0
DA:76,0
DA:78,0
DA:79,0
DA:80,0
DA:81,0
DA:82,0
DA:83,0
DA:86,0
DA:87,0
DA:90,0
DA:94,0
DA:97,0
DA:102,0
DA:103,0
DA:104,0
DA:105,0
DA:106,0
DA:109,0
DA:110,0
DA:111,0
DA:112,0
DA:114,0
DA:123,0
DA:124,0
DA:125,0
DA:127,0
DA:128,0
DA:129,0
DA:132,0
DA:136,0
DA:137,0
DA:138,0
DA:140,0
DA:143,0
DA:144,0
DA:145,0
DA:146,0
DA:149,0
DA:155,0
DA:156,0
DA:158,0
DA:162,0
DA:163,0
DA:167,0
DA:168,0
DA:171,0
DA:172,0
DA:176,0
DA:177,0
DA:178,0
DA:181,0
DA:182,0
DA:184,0
DA:187,0
DA:191,0
DA:203,0
DA:206,0
DA:208,0
DA:213,0
DA:214,0
DA:215,0
DA:216,0
DA:218,0
DA:228,0
DA:229,0
DA:230,0
DA:231,0
DA:235,0
DA:238,0
DA:239,0
DA:240,0
DA:241,0
DA:242,0
DA:243,0
DA:244,0
DA:249,0
DA:252,0
DA:253,0
DA:254,0
DA:255,0
DA:256,0
DA:264,0
DA:272,0
DA:273,0
DA:274,0
DA:275,0
DA:276,0
DA:278,0
DA:281,0
DA:282,0
DA:284,0
DA:291,0
DA:292,0
DA:294,0
DA:295,0
DA:298,0
DA:299,0
DA:300,0
DA:301,0
DA:302,0
DA:308,0
DA:309,0
DA:312,0
DA:315,0
DA:316,0
DA:319,0
DA:326,0
DA:327,0
DA:328,0
DA:330,0
DA:332,0
DA:333,0
DA:334,0
DA:335,0
DA:336,0
DA:337,0
DA:338,0
DA:339,0
DA:340,0
DA:341,0
DA:342,0
DA:343,0
DA:346,0
DA:347,0
DA:348,0
DA:349,0
DA:352,0
DA:359,0
DA:360,0
DA:361,0
DA:362,0
DA:363,0
DA:364,0
DA:367,0
DA:368,0
DA:369,0
DA:370,0
DA:371,0
DA:374,0
DA:376,0
DA:381,0
DA:383,0
DA:385,0
DA:386,0
DA:388,0
DA:391,0
DA:395,0
DA:397,0
DA:399,0
DA:401,0
DA:405,0
LF:182
LH:0
BRDA:30,0,0,0
BRDA:30,0,1,0
BRDA:32,1,0,0
BRDA:32,1,1,0
BRDA:61,2,0,0
BRDA:72,3,0,0
BRDA:78,4,0,0
BRDA:78,5,0,0
BRDA:78,5,1,0
BRDA:79,6,0,0
BRDA:79,6,1,0
BRDA:79,7,0,0
BRDA:79,7,1,0
BRDA:80,8,0,0
BRDA:80,8,1,0
BRDA:80,9,0,0
BRDA:80,9,1,0
BRDA:81,10,0,0
BRDA:86,11,0,0
BRDA:86,12,0,0
BRDA:86,12,1,0
BRDA:97,13,0,0
BRDA:97,13,1,0
BRDA:97,13,2,0
BRDA:97,13,3,0
BRDA:102,14,0,0
BRDA:105,15,0,0
BRDA:106,16,0,0
BRDA:106,16,1,0
BRDA:127,17,0,0
BRDA:127,18,0,0
BRDA:127,18,1,0
BRDA:127,18,2,0
BRDA:129,19,0,0
BRDA:136,20,0,0
BRDA:140,21,0,0
BRDA:143,22,0,0
BRDA:143,22,1,0
BRDA:145,23,0,0
BRDA:145,23,1,0
BRDA:156,24,0,0
BRDA:167,25,0,0
BRDA:176,26,0,0
BRDA:177,27,0,0
BRDA:181,28,0,0
BRDA:181,29,0,0
BRDA:181,29,1,0
BRDA:242,30,0,0
BRDA:255,31,0,0
BRDA:275,32,0,0
BRDA:281,33,0,0
BRDA:294,34,0,0
BRDA:301,35,0,0
BRDA:308,36,0,0
BRDA:315,37,0,0
BRDA:327,38,0,0
BRDA:334,39,0,0
BRDA:334,40,0,0
BRDA:334,40,1,0
BRDA:336,41,0,0
BRDA:336,41,1,0
BRDA:341,42,0,0
BRDA:343,43,0,0
BRDA:343,43,1,0
BRDA:343,44,0,0
BRDA:343,44,1,0
BRDA:347,45,0,0
BRDA:362,46,0,0
BRDA:368,47,0,0
BRDA:368,48,0,0
BRDA:368,48,1,0
BRDA:370,49,0,0
BRDA:395,50,0,0
BRDA:395,50,1,0
BRF:74
BRH:0
end_of_record
TN:
SF:src/atlclients/basicInterceptor.ts
FN:19,(anonymous_7)
FN:23,(anonymous_8)
FN:27,(anonymous_9)
FN:27,(anonymous_10)
FN:35,(anonymous_11)
FN:40,(anonymous_12)
FN:51,(anonymous_13)
FN:62,(anonymous_15)
FN:65,(anonymous_16)
FNF:9
FNH:0
FNDA:0,(anonymous_7)
FNDA:0,(anonymous_8)
FNDA:0,(anonymous_9)
FNDA:0,(anonymous_10)
FNDA:0,(anonymous_11)
FNDA:0,(anonymous_12)
FNDA:0,(anonymous_13)
FNDA:0,(anonymous_15)
FNDA:0,(anonymous_16)
DA:2,0
DA:3,0
DA:4,0
DA:5,0
DA:13,0
DA:17,0
DA:20,0
DA:21,0
DA:23,0
DA:24,0
DA:27,0
DA:28,0
DA:29,0
DA:30,0
DA:32,0
DA:35,0
DA:36,0
DA:37,0
DA:38,0
DA:39,0
DA:40,0
DA:41,0
DA:42,0
DA:43,0
DA:47,0
DA:52,0
DA:53,0
DA:54,0
DA:55,0
DA:56,0
DA:58,0
DA:59,0
DA:63,0
DA:66,0
LF:34
LH:0
BRDA:28,0,0,0
BRDA:36,1,0,0
BRDA:36,2,0,0
BRDA:36,2,1,0
BRDA:36,3,0,0
BRDA:36,3,1,0
BRDA:36,4,0,0
BRDA:36,4,1,0
BRDA:36,5,0,0
BRDA:36,5,1,0
BRDA:36,6,0,0
BRDA:36,6,1,0
BRDA:37,7,0,0
BRDA:37,7,1,0
BRDA:37,8,0,0
BRDA:37,8,1,0
BRDA:41,9,0,0
BRDA:53,10,0,0
BRDA:53,11,0,0
BRDA:53,11,1,0
BRDA:53,12,0,0
BRDA:53,12,1,0
BRF:22
BRH:0
end_of_record
TN:
SF:src/atlclients/bitbucketAuthenticator.ts
FN:7,(anonymous_7)
FN:9,(anonymous_8)
FNF:2
FNH:0
FNDA:0,(anonymous_7)
FNDA:0,(anonymous_8)
DA:1,0
DA:4,0
DA:6,0
DA:14,0
DA:16,0
DA:17,0
DA:18,0
DA:20,0
DA:23,0
DA:25,0
DA:28,0
DA:44,0
LF:12
LH:0
BRDA:16,0,0,0
BRDA:18,1,0,0
BRDA:18,1,1,0
BRDA:20,2,0,0
BRDA:20,2,1,0
BRDA:23,3,0,0
BRDA:23,3,1,0
BRF:7
BRH:0
end_of_record
TN:
SF:src/atlclients/clientManager.ts
FN:45,sleep
FN:46,(anonymous_8)
FN:56,(anonymous_9)
FN:65,(anonymous_10)
FN:72,(anonymous_11)
FN:89,(anonymous_12)
FN:94,(anonymous_13)
FN:116,(anonymous_14)
FN:117,(anonymous_16)
FN:151,(anonymous_17)
FN:155,(anonymous_19)
FN:160,(anonymous_21)
FN:160,(anonymous_22)
FN:161,(anonymous_23)
FN:199,(anonymous_24)
FN:204,(anonymous_25)
FN:204,(anonymous_26)
FN:219,(anonymous_27)
FN:224,(anonymous_28)
FN:224,(anonymous_29)
FN:241,(anonymous_30)
FN:245,(anonymous_31)
FN:258,(anonymous_33)
FN:319,(anonymous_34)
FNF:24
FNH:0
FNDA:0,sleep
FNDA:0,(anonymous_8)
FNDA:0,(anonymous_9)
FNDA:0,(anonymous_10)
FNDA:0,(anonymous_11)
FNDA:0,(anonymous_12)
FNDA:0,(anonymous_13)
FNDA:0,(anonymous_14)
FNDA:0,(anonymous_16)
FNDA:0,(anonymous_17)
FNDA:0,(anonymous_19)
FNDA:0,(anonymous_21)
FNDA:0,(anonymous_22)
FNDA:0,(anonymous_23)
FNDA:0,(anonymous_24)
FNDA:0,(anonymous_25)
FNDA:0,(anonymous_26)
FNDA:0,(anonymous_27)
FNDA:0,(anonymous_28)
FNDA:0,(anonymous_29)
FNDA:0,(anonymous_30)
FNDA:0,(anonymous_31)
FNDA:0,(anonymous_33)
FNDA:0,(anonymous_34)
DA:1,0
DA:10,0
DA:11,0
DA:13,0
DA:14,0
DA:21,0
DA:24,0
DA:26,0
DA:27,0
DA:28,0
DA:29,0
DA:30,0
DA:31,0
DA:32,0
DA:33,0
DA:34,0
DA:35,0
DA:37,0
DA:38,0
DA:39,0
DA:41,0
DA:42,0
DA:43,0
DA:46,0
DA:49,0
DA:50,0
DA:51,0
DA:52,0
DA:53,0
DA:57,0
DA:61,0
DA:62,0
DA:66,0
DA:73,0
DA:75,0
DA:77,0
DA:78,0
DA:79,0
DA:80,0
DA:82,0
DA:83,0
DA:85,0
DA:90,0
DA:95,0
DA:97,0
DA:105,0
DA:108,0
DA:109,0
DA:110,0
DA:111,0
DA:117,0
DA:119,0
DA:120,0
DA:135,0
DA:147,0
DA:152,0
DA:156,0
DA:158,0
DA:159,0
DA:160,0
DA:161,0
DA:162,0
DA:163,0
DA:165,0
DA:166,0
DA:167,0
DA:173,0
DA:174,0
DA:180,0
DA:181,0
DA:188,0
DA:189,0
DA:193,0
DA:194,0
DA:196,0
DA:200,0
DA:204,0
DA:205,0
DA:206,0
DA:208,0
DA:209,0
DA:211,0
DA:214,0
DA:220,0
DA:224,0
DA:225,0
DA:226,0
DA:228,0
DA:229,0
DA:230,0
DA:232,0
DA:235,0
DA:242,0
DA:246,0
DA:248,0
DA:249,0
DA:251,0
DA:252,0
DA:253,0
DA:259,0
DA:260,0
DA:263,0
DA:265,0
DA:268,0
DA:269,0
DA:270,0
DA:271,0
DA:272,0
DA:273,0
DA:274,0
DA:275,0
DA:277,0
DA:280,0
DA:281,0
DA:282,0
DA:283,0
DA:285,0
DA:286,0
DA:289,0
DA:290,0
DA:291,0
DA:294,0
DA:296,0
DA:297,0
DA:300,0
DA:301,0
DA:302,0
DA:303,0
DA:304,0
DA:307,0
DA:310,0
DA:312,0
DA:315,0
DA:316,0
DA:320,0
DA:321,0
DA:322,0
DA:323,0
DA:326,0
DA:327,0
DA:328,0
DA:330,0
DA:331,0
DA:333,0
DA:335,0
DA:338,0
LF:146
LH:0
BRDA:77,0,0,0
BRDA:78,1,0,0
BRDA:78,1,1,0
BRDA:97,2,0,0
BRDA:98,3,0,0
BRDA:98,3,1,0
BRDA:98,3,2,0
BRDA:98,3,3,0
BRDA:98,3,4,0
BRDA:98,3,5,0
BRDA:108,4,0,0
BRDA:108,5,0,0
BRDA:108,5,1,0
BRDA:108,5,2,0
BRDA:110,6,0,0
BRDA:119,7,0,0
BRDA:119,7,1,0
BRDA:121,8,0,0
BRDA:121,8,1,0
BRDA:124,9,0,0
BRDA:124,9,1,0
BRDA:127,10,0,0
BRDA:127,10,1,0
BRDA:130,11,0,0
BRDA:130,11,1,0
BRDA:136,12,0,0
BRDA:136,12,1,0
BRDA:139,13,0,0
BRDA:139,13,1,0
BRDA:165,14,0,0
BRDA:165,14,1,0
BRDA:173,15,0,0
BRDA:173,15,1,0
BRDA:180,16,0,0
BRDA:208,17,0,0
BRDA:208,17,1,0
BRDA:208,18,0,0
BRDA:208,18,1,0
BRDA:228,19,0,0
BRDA:228,19,1,0
BRDA:228,20,0,0
BRDA:228,20,1,0
BRDA:228,20,2,0
BRDA:230,21,0,0
BRDA:230,21,1,0
BRDA:251,22,0,0
BRDA:251,23,0,0
BRDA:251,23,1,0
BRDA:251,24,0,0
BRDA:251,24,1,0
BRDA:252,25,0,0
BRDA:259,26,0,0
BRDA:268,27,0,0
BRDA:268,28,0,0
BRDA:268,28,1,0
BRDA:268,28,2,0
BRDA:271,29,0,0
BRDA:280,30,0,0
BRDA:280,30,1,0
BRDA:296,31,0,0
BRDA:296,31,1,0
BRDA:301,32,0,0
BRDA:301,32,1,0
BRDA:302,33,0,0
BRDA:322,34,0,0
BRDA:326,35,0,0
BRDA:330,36,0,0
BRDA:338,37,0,0
BRDA:338,37,1,0
BRF:69
BRH:0
end_of_record
TN:
SF:src/atlclients/interceptors.ts
FN:10,addCurlLogging
FN:11,(anonymous_1)
FN:26,rewriteSecureImageRequests
FN:28,(anonymous_3)
FN:36,(anonymous_4)
FN:43,urlForAttachmentAndThumbnail
FN:59,urlForAvatar
FNF:7
FNH:0
FNDA:0,addCurlLogging
FNDA:0,(anonymous_1)
FNDA:0,rewriteSecureImageRequests
FNDA:0,(anonymous_3)
FNDA:0,(anonymous_4)
FNDA:0,urlForAttachmentAndThumbnail
FNDA:0,urlForAvatar
DA:2,0
DA:3,0
DA:4,0
DA:10,0
DA:11,0
DA:12,0
DA:13,0
DA:14,0
DA:15,0
DA:16,0
DA:17,0
DA:26,0
DA:27,0
DA:29,0
DA:30,0
DA:31,0
DA:32,0
DA:34,0
DA:38,0
DA:44,0
DA:45,0
DA:46,0
DA:47,0
DA:48,0
DA:49,0
DA:50,0
DA:51,0
DA:53,0
DA:54,0
DA:55,0
DA:56,0
DA:60,0
DA:61,0
DA:62,0
DA:63,0
DA:64,0
DA:65,0
DA:66,0
DA:67,0
DA:68,0
DA:70,0
DA:71,0
DA:72,0
DA:73,0
LF:44
LH:0
BRDA:14,0,0,0
BRDA:29,1,0,0
BRDA:29,1,1,0
BRDA:29,2,0,0
BRDA:29,2,1,0
BRDA:29,3,0,0
BRDA:29,3,1,0
BRDA:29,4,0,0
BRDA:29,4,1,0
BRDA:29,5,0,0
BRDA:29,5,1,0
BRDA:29,6,0,0
BRDA:29,6,1,0
BRDA:31,7,0,0
BRDA:31,8,0,0
BRDA:31,8,1,0
BRDA:31,9,0,0
BRDA:31,9,1,0
BRDA:31,10,0,0
BRDA:31,10,1,0
BRDA:31,11,0,0
BRDA:31,11,1,0
BRDA:31,12,0,0
BRDA:31,12,1,0
BRDA:47,13,0,0
BRDA:47,13,1,0
BRDA:49,14,0,0
BRDA:65,15,0,0
BRDA:65,15,1,0
BRDA:65,16,0,0
BRDA:65,16,1,0
BRDA:66,17,0,0
BRDA:70,18,0,0
BRDA:70,18,1,0
BRF:34
BRH:0
end_of_record
TN:
SF:src/atlclients/jiraAuthenticator.ts
FN:7,(anonymous_7)
FN:19,(anonymous_9)
FNF:2
FNH:0
FNDA:0,(anonymous_7)
FNDA:0,(anonymous_9)
DA:1,0
DA:4,0
DA:6,0
DA:12,0
DA:14,0
DA:19,0
DA:20,0
DA:22,0
DA:36,0
LF:9
LH:0
BRDA:14,0,0,0
BRDA:14,0,1,0
BRF:2
BRH:0
end_of_record
TN:
SF:src/atlclients/loginManager.ts
FN:39,(anonymous_7)
FN:49,(anonymous_8)
FN:58,(anonymous_10)
FN:77,(anonymous_12)
FN:77,(anonymous_13)
FN:80,(anonymous_14)
FN:90,(anonymous_15)
FN:106,(anonymous_17)
FN:110,(anonymous_19)
FN:121,(anonymous_20)
FN:125,(anonymous_22)
FN:136,(anonymous_23)
FN:146,(anonymous_24)
FNF:13
FNH:0
FNDA:0,(anonymous_7)
FNDA:0,(anonymous_8)
FNDA:0,(anonymous_10)
FNDA:0,(anonymous_12)
FNDA:0,(anonymous_13)
FNDA:0,(anonymous_14)
FNDA:0,(anonymous_15)
FNDA:0,(anonymous_17)
FNDA:0,(anonymous_19)
FNDA:0,(anonymous_20)
FNDA:0,(anonymous_22)
FNDA:0,(anonymous_23)
FNDA:0,(anonymous_24)
DA:1,0
DA:3,0
DA:21,0
DA:22,0
DA:25,0
DA:26,0
DA:27,0
DA:28,0
DA:29,0
DA:32,0
DA:34,0
DA:35,0
DA:40,0
DA:41,0
DA:42,0
DA:44,0
DA:45,0
DA:50,0
DA:51,0
DA:52,0
DA:54,0
DA:55,0
DA:59,0
DA:60,0
DA:70,0
DA:77,0
DA:78,0
DA:79,0
DA:80,0
DA:81,0
DA:85,0
DA:86,0
DA:96,0
DA:98,0
DA:100,0
DA:103,0
DA:107,0
DA:108,0
DA:109,0
DA:110,0
DA:111,0
DA:114,0
DA:115,0
DA:116,0
DA:122,0
DA:123,0
DA:124,0
DA:125,0
DA:126,0
DA:129,0
DA:130,0
DA:131,0
DA:137,0
DA:138,0
DA:139,0
DA:140,0
DA:142,0
DA:143,0
DA:150,0
DA:154,0
DA:155,0
DA:156,0
DA:157,0
DA:158,0
DA:159,0
DA:161,0
DA:162,0
DA:163,0
DA:164,0
DA:166,0
DA:167,0
DA:170,0
DA:171,0
DA:172,0
DA:175,0
DA:177,0
DA:185,0
DA:187,0
DA:188,0
DA:189,0
DA:190,0
DA:191,0
DA:193,0
DA:210,0
DA:211,0
DA:218,0
DA:226,0
DA:227,0
DA:229,0
LF:89
LH:0
BRDA:51,0,0,0
BRDA:96,1,0,0
BRDA:96,1,1,0
BRDA:107,2,0,0
BRDA:107,3,0,0
BRDA:107,3,1,0
BRDA:122,4,0,0
BRDA:137,5,0,0
BRDA:137,5,1,0
BRDA:139,6,0,0
BRDA:157,7,0,0
BRDA:157,7,1,0
BRDA:158,8,0,0
BRDA:158,8,1,0
BRDA:159,9,0,0
BRDA:159,9,1,0
BRDA:187,10,0,0
BRDA:187,10,1,0
BRDA:189,11,0,0
BRDA:189,11,1,0
BRDA:190,12,0,0
BRDA:190,12,1,0
BRDA:210,13,0,0
BRDA:210,13,1,0
BRF:24
BRH:0
end_of_record
TN:
SF:src/atlclients/negotiate.ts
FN:23,startListening
FN:29,(anonymous_8)
FN:30,(anonymous_9)
FN:51,sleep
FN:52,(anonymous_11)
FN:56,(anonymous_12)
FN:58,(anonymous_13)
FN:65,(anonymous_14)
FN:87,(anonymous_16)
FN:105,(anonymous_18)
FN:106,(anonymous_19)
FN:114,(anonymous_20)
FN:126,(anonymous_22)
FN:127,(anonymous_23)
FN:133,(anonymous_24)
FN:134,(anonymous_25)
FN:137,(anonymous_26)
FNF:17
FNH:0
FNDA:0,startListening
FNDA:0,(anonymous_8)
FNDA:0,(anonymous_9)
FNDA:0,sleep
FNDA:0,(anonymous_11)
FNDA:0,(anonymous_12)
FNDA:0,(anonymous_13)
FNDA:0,(anonymous_14)
FNDA:0,(anonymous_16)
FNDA:0,(anonymous_18)
FNDA:0,(anonymous_19)
FNDA:0,(anonymous_20)
FNDA:0,(anonymous_22)
FNDA:0,(anonymous_23)
FNDA:0,(anonymous_24)
FNDA:0,(anonymous_25)
FNDA:0,(anonymous_26)
DA:2,0
DA:3,0
DA:4,0
DA:7,0
DA:8,0
DA:9,0
DA:10,0
DA:11,0
DA:12,0
DA:13,0
DA:23,0
DA:24,0
DA:26,0
DA:27,0
DA:28,0
DA:29,0
DA:30,0
DA:31,0
DA:33,0
DA:34,0
DA:35,0
DA:36,0
DA:38,0
DA:39,0
DA:41,0
DA:42,0
DA:43,0
DA:46,0
DA:48,0
DA:52,0
DA:55,0
DA:56,0
DA:59,0
DA:60,0
DA:61,0
DA:62,0
DA:67,0
DA:68,0
DA:69,0
DA:70,0
DA:71,0
DA:74,0
DA:75,0
DA:76,0
DA:77,0
DA:78,0
DA:79,0
DA:80,0
DA:83,0
DA:84,0
DA:88,0
DA:90,0
DA:91,0
DA:92,0
DA:95,0
DA:96,0
DA:98,0
DA:99,0
DA:100,0
DA:103,0
DA:104,0
DA:105,0
DA:106,0
DA:107,0
DA:108,0
DA:109,0
DA:115,0
DA:116,0
DA:117,0
DA:119,0
DA:120,0
DA:122,0
DA:123,0
DA:124,0
DA:125,0
DA:126,0
DA:127,0
DA:128,0
DA:129,0
DA:130,0
DA:133,0
DA:134,0
DA:135,0
DA:137,0
DA:138,0
DA:139,0
DA:140,0
DA:141,0
LF:88
LH:0
BRDA:59,0,0,0
BRDA:59,0,1,0
BRDA:68,1,0,0
BRDA:78,2,0,0
BRDA:88,3,0,0
BRDA:88,3,1,0
BRDA:90,4,0,0
BRDA:98,5,0,0
BRF:8
BRH:0
end_of_record
TN:
SF:src/atlclients/oauthDancer.ts
FN:45,(anonymous_7)
FN:61,(anonymous_8)
FN:65,(anonymous_9)
FN:69,(anonymous_10)
FN:70,(anonymous_11)
FN:79,(anonymous_12)
FN:87,(anonymous_13)
FN:99,(anonymous_14)
FN:110,(anonymous_16)
FN:112,(anonymous_17)
FN:112,(anonymous_18)
FN:192,(anonymous_19)
FN:204,(anonymous_20)
FN:219,(anonymous_21)
FN:226,(anonymous_22)
FN:240,(anonymous_23)
FN:241,(anonymous_24)
FN:258,(anonymous_25)
FNF:18
FNH:0
FNDA:0,(anonymous_7)
FNDA:0,(anonymous_8)
FNDA:0,(anonymous_9)
FNDA:0,(anonymous_10)
FNDA:0,(anonymous_11)
FNDA:0,(anonymous_12)
FNDA:0,(anonymous_13)
FNDA:0,(anonymous_14)
FNDA:0,(anonymous_16)
FNDA:0,(anonymous_17)
FNDA:0,(anonymous_18)
FNDA:0,(anonymous_19)
FNDA:0,(anonymous_20)
FNDA:0,(anonymous_21)
FNDA:0,(anonymous_22)
FNDA:0,(anonymous_23)
FNDA:0,(anonymous_24)
FNDA:0,(anonymous_25)
DA:1,0
DA:2,0
DA:3,0
DA:5,0
DA:6,0
DA:7,0
DA:8,0
DA:10,0
DA:11,0
DA:13,0
DA:14,0
DA:15,0
DA:16,0
DA:17,0
DA:18,0
DA:19,0
DA:20,0
DA:21,0
DA:22,0
DA:23,0
DA:32,0
DA:38,0
DA:39,0
DA:40,0
DA:42,0
DA:43,0
DA:46,0
DA:48,0
DA:56,0
DA:57,0
DA:62,0
DA:66,0
DA:70,0
DA:71,0
DA:80,0
DA:82,0
DA:83,0
DA:84,0
DA:85,0
DA:87,0
DA:88,0
DA:96,0
DA:100,0
DA:101,0
DA:102,0
DA:103,0
DA:106,0
DA:107,0
DA:109,0
DA:110,0
DA:111,0
DA:112,0
DA:113,0
DA:114,0
DA:116,0
DA:117,0
DA:124,0
DA:125,0
DA:128,0
DA:130,0
DA:136,0
DA:137,0
DA:138,0
DA:139,0
DA:143,0
DA:144,0
DA:145,0
DA:146,0
DA:147,0
DA:148,0
DA:149,0
DA:151,0
DA:153,0
DA:155,0
DA:162,0
DA:171,0
DA:172,0
DA:174,0
DA:175,0
DA:177,0
DA:185,0
DA:190,0
DA:192,0
DA:193,0
DA:194,0
DA:198,0
DA:200,0
DA:201,0
DA:202,0
DA:203,0
DA:204,0
DA:205,0
DA:207,0
DA:208,0
DA:211,0
DA:214,0
DA:216,0
DA:220,0
DA:221,0
DA:227,0
DA:228,0
DA:229,0
DA:232,0
DA:233,0
DA:234,0
DA:235,0
DA:241,0
DA:242,0
DA:245,0
DA:247,0
DA:248,0
DA:251,0
DA:252,0
DA:253,0
DA:254,0
DA:260,0
DA:261,0
DA:262,0
DA:265,0
LF:119
LH:0
BRDA:56,0,0,0
BRDA:62,1,0,0
BRDA:62,1,1,0
BRDA:101,2,0,0
BRDA:113,3,0,0
BRDA:128,4,0,0
BRDA:128,4,1,0
BRDA:130,5,0,0
BRDA:131,6,0,0
BRDA:131,6,1,0
BRDA:131,6,2,0
BRDA:131,6,3,0
BRDA:138,7,0,0
BRDA:148,8,0,0
BRDA:200,9,0,0
BRDA:227,10,0,0
BRDA:228,11,0,0
BRDA:232,12,0,0
BRDA:247,13,0,0
BRDA:251,14,0,0
BRDA:261,15,0,0
BRF:21
BRH:0
end_of_record
TN:
SF:src/atlclients/oauthRefresher.ts
FN:22,(anonymous_7)
FN:35,(anonymous_8)
FN:37,(anonymous_9)
FNF:3
FNH:0
FNDA:0,(anonymous_7)
FNDA:0,(anonymous_8)
FNDA:0,(anonymous_9)
DA:1,0
DA:2,0
DA:3,0
DA:5,0
DA:6,0
DA:7,0
DA:9,0
DA:10,0
DA:11,0
DA:12,0
DA:19,0
DA:23,0
DA:30,0
DA:31,0
DA:38,0
DA:39,0
DA:41,0
DA:43,0
DA:45,0
DA:46,0
DA:53,0
DA:54,0
DA:55,0
DA:57,0
DA:59,0
DA:64,0
DA:65,0
DA:69,0
DA:70,0
DA:71,0
DA:72,0
DA:75,0
LF:32
LH:0
BRDA:30,0,0,0
BRDA:39,1,0,0
BRDA:39,1,1,0
BRDA:53,2,0,0
BRDA:53,2,1,0
BRDA:64,3,0,0
BRDA:70,4,0,0
BRDA:70,5,0,0
BRDA:70,5,1,0
BRDA:70,6,0,0
BRDA:70,6,1,0
BRDA:70,7,0,0
BRDA:70,7,1,0
BRDA:70,8,0,0
BRDA:70,8,1,0
BRDA:70,9,0,0
BRDA:70,9,1,0
BRF:17
BRH:0
end_of_record
TN:
SF:src/atlclients/responseHandler.ts
FN:8,responseHandlerForStrategy
FNF:1
FNH:0
FNDA:0,responseHandlerForStrategy
DA:2,0
DA:3,0
DA:4,0
DA:8,0
DA:13,0
DA:14,0
DA:16,0
DA:20,0
DA:22,0
LF:9
LH:0
BRDA:13,0,0,0
BRDA:13,1,0,0
BRDA:13,1,1,0
BRDA:16,2,0,0
BRDA:17,3,0,0
BRDA:17,3,1,0
BRF:6
BRH:0
end_of_record
TN:
SF:src/atlclients/strategy.ts
FN:54,strategyForProvider
FN:80,(anonymous_1)
FN:83,(anonymous_2)
FN:91,(anonymous_3)
FN:96,(anonymous_4)
FN:100,(anonymous_5)
FN:115,(anonymous_6)
FN:119,(anonymous_7)
FN:123,(anonymous_8)
FN:127,(anonymous_9)
FN:133,(anonymous_10)
FN:144,(anonymous_11)
FN:154,base64URLEncode
FN:158,sha256
FN:165,(anonymous_14)
FN:170,(anonymous_15)
FN:174,(anonymous_16)
FN:190,(anonymous_17)
FN:194,(anonymous_18)
FN:198,(anonymous_19)
FN:202,(anonymous_20)
FN:208,(anonymous_21)
FN:219,(anonymous_22)
FN:230,(anonymous_23)
FN:234,(anonymous_24)
FN:243,(anonymous_25)
FN:247,(anonymous_26)
FN:251,(anonymous_27)
FN:255,(anonymous_28)
FN:260,(anonymous_29)
FN:270,(anonymous_30)
FN:274,(anonymous_31)
FN:278,(anonymous_32)
FN:284,(anonymous_33)
FN:288,(anonymous_34)
FN:297,(anonymous_35)
FN:301,(anonymous_36)
FN:305,(anonymous_37)
FN:309,(anonymous_38)
FN:313,(anonymous_39)
FN:323,(anonymous_40)
FN:327,(anonymous_41)
FN:331,(anonymous_42)
FNF:43
FNH:0
FNDA:0,strategyForProvider
FNDA:0,(anonymous_1)
FNDA:0,(anonymous_2)
FNDA:0,(anonymous_3)
FNDA:0,(anonymous_4)
FNDA:0,(anonymous_5)
FNDA:0,(anonymous_6)
FNDA:0,(anonymous_7)
FNDA:0,(anonymous_8)
FNDA:0,(anonymous_9)
FNDA:0,(anonymous_10)
FNDA:0,(anonymous_11)
FNDA:0,base64URLEncode
FNDA:0,sha256
FNDA:0,(anonymous_14)
FNDA:0,(anonymous_15)
FNDA:0,(anonymous_16)
FNDA:0,(anonymous_17)
FNDA:0,(anonymous_18)
FNDA:0,(anonymous_19)
FNDA:0,(anonymous_20)
FNDA:0,(anonymous_21)
FNDA:0,(anonymous_22)
FNDA:0,(anonymous_23)
FNDA:0,(anonymous_24)
FNDA:0,(anonymous_25)
FNDA:0,(anonymous_26)
FNDA:0,(anonymous_27)
FNDA:0,(anonymous_28)
FNDA:0,(anonymous_29)
FNDA:0,(anonymous_30)
FNDA:0,(anonymous_31)
FNDA:0,(anonymous_32)
FNDA:0,(anonymous_33)
FNDA:0,(anonymous_34)
FNDA:0,(anonymous_35)
FNDA:0,(anonymous_36)
FNDA:0,(anonymous_37)
FNDA:0,(anonymous_38)
FNDA:0,(anonymous_39)
FNDA:0,(anonymous_40)
FNDA:0,(anonymous_41)
FNDA:0,(anonymous_42)
DA:1,0
DA:2,0
DA:4,0
DA:19,0
DA:34,0
DA:44,0
DA:54,0
DA:55,0
DA:57,0
DA:60,0
DA:63,0
DA:66,0
DA:71,0
DA:81,0
DA:84,0
DA:92,0
DA:93,0
DA:97,0
DA:101,0
DA:102,0
DA:103,0
DA:104,0
DA:105,0
DA:106,0
DA:107,0
DA:108,0
DA:109,0
DA:110,0
DA:111,0
DA:112,0
DA:116,0
DA:120,0
DA:124,0
DA:128,0
DA:134,0
DA:141,0
DA:145,0
DA:150,0
DA:155,0
DA:159,0
DA:166,0
DA:167,0
DA:171,0
DA:175,0
DA:176,0
DA:177,0
DA:178,0
DA:179,0
DA:180,0
DA:181,0
DA:182,0
DA:183,0
DA:184,0
DA:185,0
DA:187,0
DA:191,0
DA:195,0
DA:199,0
DA:203,0
DA:209,0
DA:216,0
DA:220,0
DA:225,0
DA:231,0
DA:235,0
DA:236,0
DA:237,0
DA:238,0
DA:240,0
DA:244,0
DA:248,0
DA:252,0
DA:256,0
DA:261,0
DA:264,0
DA:271,0
DA:275,0
DA:279,0
DA:285,0
DA:289,0
DA:290,0
DA:291,0
DA:292,0
DA:294,0
DA:298,0
DA:302,0
DA:306,0
DA:310,0
DA:314,0
DA:317,0
DA:324,0
DA:328,0
DA:332,0
LF:93
LH:0
BRDA:55,0,0,0
BRDA:55,0,1,0
BRDA:55,0,2,0
BRDA:55,0,3,0
BRF:4
BRH:0
end_of_record
TN:
SF:src/atlclients/tokens.ts
FN:11,tokensFromResponseData
FNF:1
FNH:0
FNDA:0,tokensFromResponseData
DA:1,0
DA:11,0
DA:12,0
DA:13,0
DA:14,0
DA:15,0
DA:16,0
DA:17,0
LF:8
LH:0
BRDA:14,0,0,0
BRDA:14,0,1,0
BRDA:14,1,0,0
BRDA:14,1,1,0
BRF:4
BRH:0
end_of_record
TN:
SF:src/atlclients/responseHandlers/BitbucketResponseHandler.ts
FN:11,(anonymous_7)
FN:19,(anonymous_8)
FN:37,(anonymous_10)
FN:62,(anonymous_12)
FN:86,(anonymous_13)
FNF:5
FNH:0
FNDA:0,(anonymous_7)
FNDA:0,(anonymous_8)
FNDA:0,(anonymous_10)
FNDA:0,(anonymous_12)
FNDA:0,(anonymous_13)
DA:4,0
DA:5,0
DA:6,0
DA:10,0
DA:12,0
DA:13,0
DA:14,0
DA:16,0
DA:20,0
DA:21,0
DA:28,0
DA:29,0
DA:31,0
DA:32,0
DA:33,0
DA:38,0
DA:39,0
DA:49,0
DA:50,0
DA:51,0
DA:61,0
DA:62,0
DA:63,0
DA:64,0
DA:71,0
DA:73,0
DA:80,0
DA:81,0
DA:82,0
DA:87,0
LF:30
LH:0
BRDA:61,0,0,0
BRDA:61,1,0,0
BRDA:61,1,1,0
BRDA:63,2,0,0
BRF:4
BRH:0
end_of_record
TN:
SF:src/atlclients/responseHandlers/JiraPKCEResponseHandler.ts
FN:11,(anonymous_7)
FN:19,(anonymous_8)
FN:49,(anonymous_10)
FN:79,(anonymous_12)
FN:93,(anonymous_14)
FNF:5
FNH:0
FNDA:0,(anonymous_7)
FNDA:0,(anonymous_8)
FNDA:0,(anonymous_10)
FNDA:0,(anonymous_12)
FNDA:0,(anonymous_14)
DA:4,0
DA:5,0
DA:8,0
DA:10,0
DA:12,0
DA:13,0
DA:14,0
DA:16,0
DA:20,0
DA:21,0
DA:22,0
DA:23,0
DA:25,0
DA:28,0
DA:37,0
DA:38,0
DA:40,0
DA:41,0
DA:44,0
DA:45,0
DA:50,0
DA:51,0
DA:52,0
DA:54,0
DA:64,0
DA:66,0
DA:73,0
DA:74,0
DA:75,0
DA:80,0
DA:81,0
DA:83,0
DA:93,0
DA:94,0
DA:97,0
DA:99,0
DA:100,0
DA:101,0
LF:38
LH:0
BRDA:22,0,0,0
BRDA:22,0,1,0
BRDA:40,1,0,0
BRDA:40,1,1,0
BRDA:40,2,0,0
BRDA:40,2,1,0
BRDA:40,3,0,0
BRDA:40,3,1,0
BRDA:40,4,0,0
BRDA:40,4,1,0
BRDA:43,5,0,0
BRDA:43,5,1,0
BRDA:43,6,0,0
BRDA:43,6,1,0
BRF:14
BRH:0
end_of_record
TN:
SF:src/atlclients/responseHandlers/ResponseHandler.ts
FNF:0
FNH:0
DA:5,0
LF:1
LH:0
BRF:0
BRH:0
end_of_record
TN:
SF:src/bitbucket/bbContext.ts
FN:30,(anonymous_7)
FN:31,(anonymous_8)
FN:38,(anonymous_9)
FN:48,(anonymous_10)
FN:49,(anonymous_11)
FN:50,(anonymous_12)
FN:59,(anonymous_13)
FN:74,(anonymous_15)
FN:77,(anonymous_17)
FN:77,(anonymous_18)
FN:82,(anonymous_19)
FN:89,(anonymous_20)
FN:98,(anonymous_22)
FN:98,(anonymous_23)
FN:127,(anonymous_24)
FN:129,(anonymous_25)
FN:130,(anonymous_26)
FN:134,(anonymous_27)
FN:140,(anonymous_28)
FN:144,(anonymous_29)
FN:148,(anonymous_30)
FN:152,(anonymous_31)
FN:156,(anonymous_32)
FN:157,(anonymous_33)
FN:160,(anonymous_34)
FN:162,(anonymous_35)
FN:166,(anonymous_36)
FN:170,(anonymous_37)
FN:171,(anonymous_38)
FN:174,(anonymous_39)
FN:178,(anonymous_40)
FN:183,(anonymous_41)
FNF:32
FNH:0
FNDA:0,(anonymous_7)
FNDA:0,(anonymous_8)
FNDA:0,(anonymous_9)
FNDA:0,(anonymous_10)
FNDA:0,(anonymous_11)
FNDA:0,(anonymous_12)
FNDA:0,(anonymous_13)
FNDA:0,(anonymous_15)
FNDA:0,(anonymous_17)
FNDA:0,(anonymous_18)
FNDA:0,(anonymous_19)
FNDA:0,(anonymous_20)
FNDA:0,(anonymous_22)
FNDA:0,(anonymous_23)
FNDA:0,(anonymous_24)
FNDA:0,(anonymous_25)
FNDA:0,(anonymous_26)
FNDA:0,(anonymous_27)
FNDA:0,(anonymous_28)
FNDA:0,(anonymous_29)
FNDA:0,(anonymous_30)
FNDA:0,(anonymous_31)
FNDA:0,(anonymous_32)
FNDA:0,(anonymous_33)
FNDA:0,(anonymous_34)
FNDA:0,(anonymous_35)
FNDA:0,(anonymous_36)
FNDA:0,(anonymous_37)
FNDA:0,(anonymous_38)
FNDA:0,(anonymous_39)
FNDA:0,(anonymous_40)
FNDA:0,(anonymous_41)
DA:1,0
DA:2,0
DA:3,0
DA:4,0
DA:5,0
DA:7,0
DA:8,0
DA:9,0
DA:10,0
DA:11,0
DA:16,0
DA:17,0
DA:18,0
DA:21,0
DA:26,0
DA:27,0
DA:31,0
DA:32,0
DA:33,0
DA:34,0
DA:35,0
DA:37,0
DA:39,0
DA:40,0
DA:41,0
DA:46,0
DA:47,0
DA:48,0
DA:49,0
DA:50,0
DA:56,0
DA:60,0
DA:61,0
DA:62,0
DA:63,0
DA:64,0
DA:67,0
DA:68,0
DA:71,0
DA:75,0
DA:76,0
DA:77,0
DA:78,0
DA:79,0
DA:82,0
DA:83,0
DA:86,0
DA:90,0
DA:91,0
DA:94,0
DA:95,0
DA:97,0
DA:98,0
DA:99,0
DA:100,0
DA:101,0
DA:102,0
DA:105,0
DA:110,0
DA:111,0
DA:112,0
DA:113,0
DA:114,0
DA:115,0
DA:117,0
DA:118,0
DA:120,0
DA:124,0
DA:128,0
DA:129,0
DA:130,0
DA:131,0
DA:134,0
DA:135,0
DA:136,0
DA:141,0
DA:145,0
DA:149,0
DA:153,0
DA:157,0
DA:161,0
DA:162,0
DA:167,0
DA:171,0
DA:175,0
DA:179,0
DA:180,0
DA:184,0
DA:185,0
DA:187,0
DA:188,0
DA:191,0
LF:92
LH:0
BRDA:39,0,0,0
BRDA:61,1,0,0
BRDA:67,2,0,0
BRDA:75,3,0,0
BRDA:90,4,0,0
BRDA:113,5,0,0
BRDA:117,6,0,0
BRDA:117,6,1,0
BRDA:130,7,0,0
BRDA:135,8,0,0
BRDA:162,9,0,0
BRDA:162,9,1,0
BRDA:175,10,0,0
BRDA:175,10,1,0
BRDA:184,11,0,0
BRDA:187,12,0,0
BRF:16
BRH:0
end_of_record
TN:
SF:src/bitbucket/bbDebug.ts
FN:8,showBitbucketDebugInfo
FN:15,(anonymous_1)
FN:24,(anonymous_2)
FN:31,(anonymous_3)
FN:33,(anonymous_4)
FNF:5
FNH:0
FNDA:0,showBitbucketDebugInfo
FNDA:0,(anonymous_1)
FNDA:0,(anonymous_2)
FNDA:0,(anonymous_3)
FNDA:0,(anonymous_4)
DA:1,0
DA:2,0
DA:3,0
DA:4,0
DA:5,0
DA:6,0
DA:8,0
DA:9,0
DA:10,0
DA:16,0
DA:17,0
DA:21,0
DA:24,0
DA:31,0
DA:33,0
DA:41,0
DA:42,0
LF:17
LH:0
BRDA:9,0,0,0
BRDA:16,1,0,0
BRDA:27,2,0,0
BRDA:27,2,1,0
BRDA:37,3,0,0
BRDA:37,3,1,0
BRF:6
BRH:0
end_of_record
TN:
SF:src/bitbucket/bbIssueKeyParser.ts
FN:3,parseBitbucketIssueKeys
FNF:1
FNH:0
FNDA:0,parseBitbucketIssueKeys
DA:1,0
DA:3,0
DA:4,0
DA:5,0
DA:7,0
DA:8,0
LF:6
LH:0
BRDA:4,0,0,0
BRDA:7,1,0,0
BRDA:7,1,1,0
BRF:3
BRH:0
end_of_record
TN:
SF:src/bitbucket/bbMentionsCompletionProvider.ts
FN:7,(anonymous_7)
FN:9,(anonymous_9)
FN:10,(anonymous_10)
FN:26,(anonymous_11)
FN:26,(anonymous_12)
FN:29,(anonymous_13)
FNF:6
FNH:0
FNDA:0,(anonymous_7)
FNDA:0,(anonymous_9)
FNDA:0,(anonymous_10)
FNDA:0,(anonymous_11)
FNDA:0,(anonymous_12)
FNDA:0,(anonymous_13)
DA:1,0
DA:3,0
DA:4,0
DA:6,0
DA:8,0
DA:9,0
DA:10,0
DA:12,0
DA:13,0
DA:15,0
DA:16,0
DA:17,0
DA:19,0
DA:21,0
DA:22,0
DA:23,0
DA:25,0
DA:26,0
DA:29,0
DA:30,0
DA:31,0
DA:33,0
DA:34,0
DA:35,0
LF:24
LH:0
BRDA:12,0,0,0
BRDA:16,1,0,0
BRDA:16,2,0,0
BRDA:16,2,1,0
BRF:4
BRH:0
end_of_record
TN:
SF:src/bitbucket/bbUtils.ts
FN:10,parseGitUrl
FN:24,getBitbucketRemotes
FN:25,(anonymous_9)
FN:30,getBitbucketCloudRemotes
FN:31,(anonymous_11)
FN:40,siteDetailsForRemote
FN:59,bitbucketSiteForRemote
FN:89,urlForRemote
FN:93,clientForRemote
FN:103,clientForHostname
FN:113,clientForSite
FN:118,firstBitbucketRemote
FN:122,(anonymous_22)
FN:130,workspaceRepoFor
FN:131,(anonymous_24)
FNF:15
FNH:0
FNDA:0,parseGitUrl
FNDA:0,getBitbucketRemotes
FNDA:0,(anonymous_9)
FNDA:0,getBitbucketCloudRemotes
FNDA:0,(anonymous_11)
FNDA:0,siteDetailsForRemote
FNDA:0,bitbucketSiteForRemote
FNDA:0,urlForRemote
FNDA:0,clientForRemote
FNDA:0,clientForHostname
FNDA:0,clientForSite
FNDA:0,firstBitbucketRemote
FNDA:0,(anonymous_22)
FNDA:0,workspaceRepoFor
FNDA:0,(anonymous_24)
DA:1,0
DA:2,0
DA:3,0
DA:4,0
DA:8,0
DA:10,0
DA:11,0
DA:12,0
DA:14,0
DA:15,0
DA:16,0
DA:17,0
DA:18,0
DA:21,0
DA:24,0
DA:25,0
DA:26,0
DA:30,0
DA:31,0
DA:32,0
DA:33,0
DA:34,0
DA:36,0
DA:40,0
DA:41,0
DA:42,0
DA:43,0
DA:44,0
DA:47,0
DA:48,0
DA:53,0
DA:56,0
DA:59,0
DA:60,0
DA:61,0
DA:62,0
DA:63,0
DA:70,0
DA:71,0
DA:76,0
DA:77,0
DA:78,0
DA:86,0
DA:89,0
DA:90,0
DA:93,0
DA:94,0
DA:96,0
DA:97,0
DA:100,0
DA:103,0
DA:104,0
DA:106,0
DA:107,0
DA:110,0
DA:113,0
DA:114,0
DA:119,0
DA:121,0
DA:122,0
DA:123,0
DA:124,0
DA:127,0
DA:130,0
DA:131,0
DA:137,0
DA:141,0
DA:146,0
LF:68
LH:0
BRDA:14,0,0,0
BRDA:16,1,0,0
BRDA:16,2,0,0
BRDA:16,2,1,0
BRDA:16,2,2,0
BRDA:16,2,3,0
BRDA:17,3,0,0
BRDA:17,3,1,0
BRDA:33,4,0,0
BRDA:43,5,0,0
BRDA:48,6,0,0
BRDA:49,7,0,0
BRDA:49,7,1,0
BRDA:49,7,2,0
BRDA:62,8,0,0
BRDA:71,9,0,0
BRDA:72,10,0,0
BRDA:72,10,1,0
BRDA:72,10,2,0
BRDA:77,11,0,0
BRDA:90,12,0,0
BRDA:90,12,1,0
BRDA:90,13,0,0
BRDA:90,13,1,0
BRDA:96,14,0,0
BRDA:106,15,0,0
BRDA:123,16,0,0
BRDA:137,17,0,0
BRDA:137,17,1,0
BRF:29
BRH:0
end_of_record
TN:
SF:src/bitbucket/checkoutHelper.ts
FN:32,(anonymous_7)
FN:34,(anonymous_8)
FN:34,(anonymous_9)
FN:49,(anonymous_10)
FN:49,(anonymous_11)
FN:79,(anonymous_12)
FN:104,(anonymous_14)
FN:115,(anonymous_16)
FN:137,(anonymous_18)
FN:145,(anonymous_19)
FN:146,(anonymous_20)
FN:156,(anonymous_21)
FN:157,(anonymous_22)
FN:164,(anonymous_23)
FN:168,(anonymous_25)
FN:168,(anonymous_26)
FN:174,(anonymous_27)
FN:174,(anonymous_28)
FN:178,(anonymous_29)
FN:178,(anonymous_30)
FN:182,(anonymous_31)
FN:182,(anonymous_32)
FNF:22
FNH:0
FNDA:0,(anonymous_7)
FNDA:0,(anonymous_8)
FNDA:0,(anonymous_9)
FNDA:0,(anonymous_10)
FNDA:0,(anonymous_11)
FNDA:0,(anonymous_12)
FNDA:0,(anonymous_14)
FNDA:0,(anonymous_16)
FNDA:0,(anonymous_18)
FNDA:0,(anonymous_19)
FNDA:0,(anonymous_20)
FNDA:0,(anonymous_21)
FNDA:0,(anonymous_22)
FNDA:0,(anonymous_23)
FNDA:0,(anonymous_25)
FNDA:0,(anonymous_26)
FNDA:0,(anonymous_27)
FNDA:0,(anonymous_28)
FNDA:0,(anonymous_29)
FNDA:0,(anonymous_30)
FNDA:0,(anonymous_31)
FNDA:0,(anonymous_32)
DA:1,0
DA:2,0
DA:3,0
DA:4,0
DA:5,0
DA:6,0
DA:7,0
DA:18,0
DA:25,0
DA:26,0
DA:31,0
DA:32,0
DA:34,0
DA:35,0
DA:36,0
DA:37,0
DA:44,0
DA:49,0
DA:50,0
DA:51,0
DA:55,0
DA:58,0
DA:60,0
DA:65,0
DA:67,0
DA:68,0
DA:71,0
DA:82,0
DA:83,0
DA:84,0
DA:85,0
DA:86,0
DA:87,0
DA:88,0
DA:91,0
DA:93,0
DA:94,0
DA:95,0
DA:98,0
DA:100,0
DA:105,0
DA:106,0
DA:107,0
DA:111,0
DA:116,0
DA:117,0
DA:123,0
DA:124,0
DA:125,0
DA:126,0
DA:131,0
DA:138,0
DA:139,0
DA:141,0
DA:146,0
DA:147,0
DA:148,0
DA:157,0
DA:158,0
DA:159,0
DA:160,0
DA:165,0
DA:168,0
DA:169,0
DA:174,0
DA:178,0
DA:182,0
DA:183,0
LF:68
LH:0
BRDA:34,0,0,0
BRDA:36,1,0,0
BRDA:50,2,0,0
BRDA:58,3,0,0
BRDA:67,4,0,0
BRDA:83,5,0,0
BRDA:83,6,0,0
BRDA:83,6,1,0
BRDA:85,7,0,0
BRDA:85,7,1,0
BRDA:87,8,0,0
BRDA:93,9,0,0
BRDA:93,9,1,0
BRDA:94,10,0,0
BRDA:106,11,0,0
BRDA:106,11,1,0
BRDA:138,12,0,0
BRDA:138,12,1,0
BRDA:147,13,0,0
BRDA:183,14,0,0
BRDA:183,14,1,0
BRDA:183,15,0,0
BRDA:183,15,1,0
BRF:23
BRH:0
end_of_record
TN:
SF:src/bitbucket/httpClient.ts
FN:17,(anonymous_7)
FN:42,(anonymous_8)
FN:44,(anonymous_9)
FN:45,(anonymous_10)
FN:45,(anonymous_11)
FN:62,(anonymous_12)
FN:79,(anonymous_14)
FN:85,(anonymous_16)
FN:93,(anonymous_18)
FN:98,(anonymous_19)
FN:109,(anonymous_21)
FN:128,(anonymous_23)
FN:152,(anonymous_25)
FN:164,(anonymous_27)
FN:176,(anonymous_29)
FN:183,(anonymous_30)
FN:196,(anonymous_31)
FN:205,(anonymous_32)
FN:210,(anonymous_33)
FNF:19
FNH:0
FNDA:0,(anonymous_7)
FNDA:0,(anonymous_8)
FNDA:0,(anonymous_9)
FNDA:0,(anonymous_10)
FNDA:0,(anonymous_11)
FNDA:0,(anonymous_12)
FNDA:0,(anonymous_14)
FNDA:0,(anonymous_16)
FNDA:0,(anonymous_18)
FNDA:0,(anonymous_19)
FNDA:0,(anonymous_21)
FNDA:0,(anonymous_23)
FNDA:0,(anonymous_25)
FNDA:0,(anonymous_27)
FNDA:0,(anonymous_29)
FNDA:0,(anonymous_30)
FNDA:0,(anonymous_31)
FNDA:0,(anonymous_32)
FNDA:0,(anonymous_33)
DA:1,0
DA:3,0
DA:4,0
DA:5,0
DA:6,0
DA:7,0
DA:14,0
DA:18,0
DA:19,0
DA:20,0
DA:21,0
DA:24,0
DA:35,0
DA:36,0
DA:41,0
DA:42,0
DA:43,0
DA:44,0
DA:45,0
DA:46,0
DA:63,0
DA:64,0
DA:68,0
DA:70,0
DA:71,0
DA:72,0
DA:74,0
DA:80,0
DA:81,0
DA:82,0
DA:86,0
DA:87,0
DA:89,0
DA:93,0
DA:95,0
DA:99,0
DA:100,0
DA:102,0
DA:106,0
DA:110,0
DA:111,0
DA:113,0
DA:117,0
DA:118,0
DA:121,0
DA:125,0
DA:129,0
DA:130,0
DA:131,0
DA:132,0
DA:142,0
DA:144,0
DA:145,0
DA:147,0
DA:153,0
DA:154,0
DA:156,0
DA:161,0
DA:165,0
DA:166,0
DA:168,0
DA:173,0
DA:177,0
DA:178,0
DA:180,0
DA:184,0
DA:185,0
DA:186,0
DA:187,0
DA:188,0
DA:190,0
DA:193,0
DA:197,0
DA:204,0
DA:206,0
DA:207,0
DA:211,0
LF:77
LH:0
BRDA:35,0,0,0
BRDA:41,1,0,0
BRDA:46,2,0,0
BRDA:46,2,1,0
BRDA:71,3,0,0
BRDA:71,3,1,0
BRDA:80,4,0,0
BRDA:80,4,1,0
BRDA:99,5,0,0
BRDA:99,5,1,0
BRDA:117,6,0,0
BRDA:129,7,0,0
BRDA:129,7,1,0
BRDA:144,8,0,0
BRDA:144,8,1,0
BRDA:153,9,0,0
BRDA:153,9,1,0
BRDA:165,10,0,0
BRDA:165,10,1,0
BRDA:185,11,0,0
BRF:20
BRH:0
end_of_record
TN:
SF:src/bitbucket/issueKeysExtractor.ts
FN:6,extractIssueKeys
FN:10,(anonymous_9)
FN:12,(anonymous_10)
FN:15,(anonymous_11)
FN:18,(anonymous_12)
FN:21,(anonymous_13)
FN:22,(anonymous_14)
FN:23,(anonymous_15)
FN:32,extractBitbucketIssueKeys
FN:40,(anonymous_18)
FN:42,(anonymous_19)
FN:45,(anonymous_20)
FN:48,(anonymous_21)
FN:51,(anonymous_22)
FN:52,(anonymous_23)
FN:53,(anonymous_24)
FNF:16
FNH:0
FNDA:0,extractIssueKeys
FNDA:0,(anonymous_9)
FNDA:0,(anonymous_10)
FNDA:0,(anonymous_11)
FNDA:0,(anonymous_12)
FNDA:0,(anonymous_13)
FNDA:0,(anonymous_14)
FNDA:0,(anonymous_15)
FNDA:0,extractBitbucketIssueKeys
FNDA:0,(anonymous_18)
FNDA:0,(anonymous_19)
FNDA:0,(anonymous_20)
FNDA:0,(anonymous_21)
FNDA:0,(anonymous_22)
FNDA:0,(anonymous_23)
FNDA:0,(anonymous_24)
DA:2,0
DA:3,0
DA:4,0
DA:6,0
DA:7,0
DA:9,0
DA:10,0
DA:11,0
DA:12,0
DA:14,0
DA:15,0
DA:17,0
DA:18,0
DA:20,0
DA:21,0
DA:22,0
DA:23,0
DA:25,0
DA:27,0
DA:28,0
DA:32,0
DA:37,0
DA:39,0
DA:40,0
DA:41,0
DA:42,0
DA:44,0
DA:45,0
DA:47,0
DA:48,0
DA:50,0
DA:51,0
DA:52,0
DA:53,0
DA:55,0
DA:57,0
DA:58,0
LF:37
LH:0
BRF:0
BRH:0
end_of_record
TN:
SF:src/bitbucket/model.ts
FN:180,(anonymous_0)
FN:325,isBitbucketIssue
FNF:2
FNH:0
FNDA:0,(anonymous_0)
FNDA:0,isBitbucketIssue
DA:2,0
DA:25,0
DA:46,0
DA:107,0
DA:115,0
DA:130,0
DA:142,0
DA:180,0
DA:181,0
DA:182,0
DA:183,0
DA:184,0
DA:185,0
DA:186,0
DA:187,0
DA:265,0
DA:291,0
DA:325,0
DA:326,0
LF:19
LH:0
BRDA:180,0,0,0
BRDA:180,0,1,0
BRDA:326,1,0,0
BRDA:326,1,1,0
BRDA:326,1,2,0
BRF:5
BRH:0
end_of_record
TN:
SF:src/bitbucket/bitbucket-cloud/bbIssues.ts
FN:23,(anonymous_7)
FN:28,(anonymous_8)
FN:45,(anonymous_10)
FN:50,(anonymous_11)
FN:60,(anonymous_13)
FN:67,(anonymous_15)
FN:70,(anonymous_16)
FN:73,(anonymous_17)
FN:73,(anonymous_18)
FN:76,(anonymous_19)
FN:94,(anonymous_21)
FN:99,(anonymous_22)
FN:112,(anonymous_24)
FN:120,(anonymous_26)
FN:140,(anonymous_28)
FN:166,(anonymous_29)
FN:185,(anonymous_31)
FN:247,(anonymous_32)
FN:268,(anonymous_34)
FN:281,(anonymous_36)
FN:296,(anonymous_38)
FN:326,(anonymous_40)
FN:349,(anonymous_42)
FN:349,(anonymous_43)
FN:352,(anonymous_44)
FNF:25
FNH:0
FNDA:0,(anonymous_7)
FNDA:0,(anonymous_8)
FNDA:0,(anonymous_10)
FNDA:0,(anonymous_11)
FNDA:0,(anonymous_13)
FNDA:0,(anonymous_15)
FNDA:0,(anonymous_16)
FNDA:0,(anonymous_17)
FNDA:0,(anonymous_18)
FNDA:0,(anonymous_19)
FNDA:0,(anonymous_21)
FNDA:0,(anonymous_22)
FNDA:0,(anonymous_24)
FNDA:0,(anonymous_26)
FNDA:0,(anonymous_28)
FNDA:0,(anonymous_29)
FNDA:0,(anonymous_31)
FNDA:0,(anonymous_32)
FNDA:0,(anonymous_34)
FNDA:0,(anonymous_36)
FNDA:0,(anonymous_38)
FNDA:0,(anonymous_40)
FNDA:0,(anonymous_42)
FNDA:0,(anonymous_43)
FNDA:0,(anonymous_44)
DA:2,0
DA:14,0
DA:16,0
DA:17,0
DA:22,0
DA:23,0
DA:29,0
DA:30,0
DA:31,0
DA:34,0
DA:35,0
DA:38,0
DA:40,0
DA:45,0
DA:47,0
DA:51,0
DA:53,0
DA:57,0
DA:61,0
DA:62,0
DA:65,0
DA:67,0
DA:69,0
DA:70,0
DA:73,0
DA:77,0
DA:78,0
DA:79,0
DA:82,0
DA:83,0
DA:86,0
DA:88,0
DA:94,0
DA:96,0
DA:100,0
DA:102,0
DA:104,0
DA:113,0
DA:115,0
DA:117,0
DA:121,0
DA:123,0
DA:132,0
DA:141,0
DA:167,0
DA:169,0
DA:179,0
DA:180,0
DA:182,0
DA:186,0
DA:187,0
DA:188,0
DA:192,0
DA:193,0
DA:197,0
DA:198,0
DA:203,0
DA:205,0
DA:208,0
DA:209,0
DA:211,0
DA:212,0
DA:214,0
DA:215,0
DA:218,0
DA:219,0
DA:222,0
DA:224,0
DA:248,0
DA:250,0
DA:265,0
DA:269,0
DA:271,0
DA:282,0
DA:284,0
DA:293,0
DA:297,0
DA:299,0
DA:300,0
DA:312,0
DA:315,0
DA:321,0
DA:323,0
DA:333,0
DA:335,0
DA:346,0
DA:349,0
DA:350,0
DA:352,0
DA:354,0
LF:90
LH:0
BRDA:30,0,0,0
BRDA:34,1,0,0
BRDA:45,2,0,0
BRDA:45,2,1,0
BRDA:61,3,0,0
BRDA:78,4,0,0
BRDA:82,5,0,0
BRDA:94,6,0,0
BRDA:94,6,1,0
BRDA:135,7,0,0
BRDA:135,7,1,0
BRDA:143,8,0,0
BRDA:143,8,1,0
BRDA:152,9,0,0
BRDA:152,9,1,0
BRDA:172,10,0,0
BRDA:172,10,1,0
BRDA:179,11,0,0
BRDA:179,11,1,0
BRDA:187,12,0,0
BRDA:192,13,0,0
BRDA:197,14,0,0
BRDA:203,15,0,0
BRDA:203,16,0,0
BRDA:203,16,1,0
BRDA:208,17,0,0
BRDA:211,18,0,0
BRDA:214,19,0,0
BRDA:218,20,0,0
BRDA:233,21,0,0
BRDA:233,21,1,0
BRDA:299,22,0,0
BRDA:352,23,0,0
BRDA:352,23,1,0
BRDA:354,24,0,0
BRDA:354,24,1,0
BRF:36
BRH:0
end_of_record
TN:
SF:src/bitbucket/bitbucket-cloud/pullRequests.ts
FN:53,(anonymous_7)
FN:55,(anonymous_8)
FN:61,(anonymous_10)
FN:79,(anonymous_11)
FN:95,(anonymous_13)
FN:107,(anonymous_14)
FN:113,(anonymous_16)
FN:118,(anonymous_18)
FN:123,(anonymous_19)
FN:136,(anonymous_20)
FN:142,(anonymous_22)
FN:148,(anonymous_24)
FN:154,(anonymous_26)
FN:160,(anonymous_27)
FN:168,(anonymous_29)
FN:175,(anonymous_31)
FN:183,(anonymous_33)
FN:191,(anonymous_35)
FN:198,(anonymous_37)
FN:205,(anonymous_38)
FN:232,(anonymous_40)
FN:251,(anonymous_41)
FN:254,(anonymous_42)
FN:257,(anonymous_43)
FN:273,(anonymous_44)
FN:294,(anonymous_46)
FN:302,(anonymous_47)
FN:306,(anonymous_48)
FN:315,(anonymous_50)
FN:336,(anonymous_52)
FN:355,(anonymous_54)
FN:361,(anonymous_55)
FN:385,(anonymous_57)
FN:412,(anonymous_59)
FN:427,(anonymous_61)
FN:443,(anonymous_62)
FN:464,(anonymous_64)
FN:480,(anonymous_65)
FN:484,(anonymous_66)
FN:491,(anonymous_67)
FN:501,(anonymous_68)
FN:504,(anonymous_69)
FN:506,(anonymous_70)
FN:507,(anonymous_71)
FN:516,(anonymous_72)
FN:525,(anonymous_73)
FN:537,(anonymous_75)
FN:538,(anonymous_76)
FN:546,(anonymous_77)
FN:552,(anonymous_79)
FN:552,(anonymous_80)
FN:571,(anonymous_81)
FN:595,(anonymous_82)
FN:601,(anonymous_83)
FN:609,(anonymous_85)
FN:610,(anonymous_86)
FN:616,(anonymous_87)
FN:626,(anonymous_89)
FN:650,(anonymous_90)
FN:656,(anonymous_91)
FN:658,(anonymous_92)
FN:665,(anonymous_93)
FN:689,(anonymous_95)
FN:703,(anonymous_96)
FN:711,(anonymous_98)
FN:724,(anonymous_99)
FN:739,(anonymous_101)
FN:764,(anonymous_103)
FN:788,(anonymous_105)
FN:804,(anonymous_107)
FN:825,(anonymous_108)
FN:838,(anonymous_109)
FN:857,(anonymous_110)
FNF:73
FNH:0
FNDA:0,(anonymous_7)
FNDA:0,(anonymous_8)
FNDA:0,(anonymous_10)
FNDA:0,(anonymous_11)
FNDA:0,(anonymous_13)
FNDA:0,(anonymous_14)
FNDA:0,(anonymous_16)
FNDA:0,(anonymous_18)
FNDA:0,(anonymous_19)
FNDA:0,(anonymous_20)
FNDA:0,(anonymous_22)
FNDA:0,(anonymous_24)
FNDA:0,(anonymous_26)
FNDA:0,(anonymous_27)
FNDA:0,(anonymous_29)
FNDA:0,(anonymous_31)
FNDA:0,(anonymous_33)
FNDA:0,(anonymous_35)
FNDA:0,(anonymous_37)
FNDA:0,(anonymous_38)
FNDA:0,(anonymous_40)
FNDA:0,(anonymous_41)
FNDA:0,(anonymous_42)
FNDA:0,(anonymous_43)
FNDA:0,(anonymous_44)
FNDA:0,(anonymous_46)
FNDA:0,(anonymous_47)
FNDA:0,(anonymous_48)
FNDA:0,(anonymous_50)
FNDA:0,(anonymous_52)
FNDA:0,(anonymous_54)
FNDA:0,(anonymous_55)
FNDA:0,(anonymous_57)
FNDA:0,(anonymous_59)
FNDA:0,(anonymous_61)
FNDA:0,(anonymous_62)
FNDA:0,(anonymous_64)
FNDA:0,(anonymous_65)
FNDA:0,(anonymous_66)
FNDA:0,(anonymous_67)
FNDA:0,(anonymous_68)
FNDA:0,(anonymous_69)
FNDA:0,(anonymous_70)
FNDA:0,(anonymous_71)
FNDA:0,(anonymous_72)
FNDA:0,(anonymous_73)
FNDA:0,(anonymous_75)
FNDA:0,(anonymous_76)
FNDA:0,(anonymous_77)
FNDA:0,(anonymous_79)
FNDA:0,(anonymous_80)
FNDA:0,(anonymous_81)
FNDA:0,(anonymous_82)
FNDA:0,(anonymous_83)
FNDA:0,(anonymous_85)
FNDA:0,(anonymous_86)
FNDA:0,(anonymous_87)
FNDA:0,(anonymous_89)
FNDA:0,(anonymous_90)
FNDA:0,(anonymous_91)
FNDA:0,(anonymous_92)
FNDA:0,(anonymous_93)
FNDA:0,(anonymous_95)
FNDA:0,(anonymous_96)
FNDA:0,(anonymous_98)
FNDA:0,(anonymous_99)
FNDA:0,(anonymous_101)
FNDA:0,(anonymous_103)
FNDA:0,(anonymous_105)
FNDA:0,(anonymous_107)
FNDA:0,(anonymous_108)
FNDA:0,(anonymous_109)
FNDA:0,(anonymous_110)
DA:2,0
DA:3,0
DA:5,0
DA:6,0
DA:7,0
DA:8,0
DA:10,0
DA:29,0
DA:31,0
DA:37,0
DA:39,0
DA:45,0
DA:47,0
DA:48,0
DA:49,0
DA:50,0
DA:51,0
DA:53,0
DA:56,0
DA:58,0
DA:62,0
DA:63,0
DA:64,0
DA:65,0
DA:66,0
DA:68,0
DA:83,0
DA:84,0
DA:85,0
DA:87,0
DA:89,0
DA:95,0
DA:96,0
DA:98,0
DA:100,0
DA:101,0
DA:104,0
DA:108,0
DA:114,0
DA:116,0
DA:119,0
DA:120,0
DA:123,0
DA:124,0
DA:125,0
DA:126,0
DA:129,0
DA:132,0
DA:137,0
DA:143,0
DA:149,0
DA:150,0
DA:152,0
DA:154,0
DA:155,0
DA:157,0
DA:161,0
DA:169,0
DA:176,0
DA:178,0
DA:180,0
DA:184,0
DA:186,0
DA:188,0
DA:192,0
DA:194,0
DA:198,0
DA:206,0
DA:208,0
DA:211,0
DA:213,0
DA:214,0
DA:215,0
DA:217,0
DA:218,0
DA:219,0
DA:221,0
DA:222,0
DA:225,0
DA:226,0
DA:227,0
DA:228,0
DA:229,0
DA:232,0
DA:252,0
DA:253,0
DA:254,0
DA:258,0
DA:259,0
DA:260,0
DA:261,0
DA:262,0
DA:263,0
DA:264,0
DA:265,0
DA:266,0
DA:267,0
DA:269,0
DA:274,0
DA:276,0
DA:283,0
DA:284,0
DA:287,0
DA:288,0
DA:289,0
DA:290,0
DA:291,0
DA:294,0
DA:302,0
DA:307,0
DA:309,0
DA:312,0
DA:322,0
DA:324,0
DA:327,0
DA:333,0
DA:337,0
DA:339,0
DA:340,0
DA:344,0
DA:345,0
DA:348,0
DA:349,0
DA:350,0
DA:351,0
DA:352,0
DA:355,0
DA:357,0
DA:362,0
DA:364,0
DA:365,0
DA:366,0
DA:377,0
DA:379,0
DA:380,0
DA:381,0
DA:386,0
DA:388,0
DA:389,0
DA:404,0
DA:406,0
DA:407,0
DA:408,0
DA:413,0
DA:415,0
DA:416,0
DA:421,0
DA:422,0
DA:423,0
DA:429,0
DA:430,0
DA:444,0
DA:446,0
DA:449,0
DA:453,0
DA:454,0
DA:457,0
DA:458,0
DA:459,0
DA:460,0
DA:461,0
DA:464,0
DA:465,0
DA:466,0
DA:468,0
DA:479,0
DA:480,0
DA:483,0
DA:484,0
DA:485,0
DA:492,0
DA:493,0
DA:494,0
DA:495,0
DA:496,0
DA:497,0
DA:500,0
DA:501,0
DA:505,0
DA:506,0
DA:507,0
DA:508,0
DA:509,0
DA:510,0
DA:511,0
DA:515,0
DA:516,0
DA:517,0
DA:518,0
DA:522,0
DA:526,0
DA:528,0
DA:535,0
DA:536,0
DA:537,0
DA:538,0
DA:547,0
DA:549,0
DA:552,0
DA:554,0
DA:555,0
DA:556,0
DA:559,0
DA:564,0
DA:567,0
DA:568,0
DA:569,0
DA:570,0
DA:571,0
DA:573,0
DA:574,0
DA:579,0
DA:582,0
DA:583,0
DA:584,0
DA:587,0
DA:595,0
DA:596,0
DA:598,0
DA:602,0
DA:603,0
DA:609,0
DA:610,0
DA:613,0
DA:617,0
DA:619,0
DA:621,0
DA:622,0
DA:626,0
DA:628,0
DA:632,0
DA:633,0
DA:637,0
DA:640,0
DA:641,0
DA:644,0
DA:645,0
DA:646,0
DA:647,0
DA:650,0
DA:652,0
DA:657,0
DA:658,0
DA:659,0
DA:662,0
DA:670,0
DA:689,0
DA:696,0
DA:698,0
DA:700,0
DA:704,0
DA:706,0
DA:711,0
DA:717,0
DA:721,0
DA:725,0
DA:727,0
DA:736,0
DA:745,0
DA:747,0
DA:748,0
DA:749,0
DA:750,0
DA:757,0
DA:761,0
DA:772,0
DA:774,0
DA:777,0
DA:785,0
DA:789,0
DA:791,0
DA:792,0
DA:793,0
DA:794,0
DA:797,0
DA:799,0
DA:801,0
DA:805,0
DA:807,0
DA:826,0
DA:827,0
DA:829,0
DA:838,0
DA:858,0
DA:859,0
DA:860,0
DA:862,0
LF:287
LH:0
BRDA:62,0,0,0
BRDA:62,0,1,0
BRDA:62,1,0,0
BRDA:62,1,1,0
BRDA:62,2,0,0
BRDA:62,2,1,0
BRDA:62,3,0,0
BRDA:62,3,1,0
BRDA:63,4,0,0
BRDA:63,4,1,0
BRDA:63,5,0,0
BRDA:63,5,1,0
BRDA:63,6,0,0
BRDA:63,6,1,0
BRDA:63,7,0,0
BRDA:63,7,1,0
BRDA:63,8,0,0
BRDA:63,8,1,0
BRDA:63,9,0,0
BRDA:63,9,1,0
BRDA:63,10,0,0
BRDA:63,10,1,0
BRDA:63,11,0,0
BRDA:63,11,1,0
BRDA:64,12,0,0
BRDA:64,12,1,0
BRDA:64,13,0,0
BRDA:64,13,1,0
BRDA:64,14,0,0
BRDA:64,14,1,0
BRDA:64,15,0,0
BRDA:64,15,1,0
BRDA:65,16,0,0
BRDA:65,16,1,0
BRDA:65,17,0,0
BRDA:65,17,1,0
BRDA:65,18,0,0
BRDA:65,18,1,0
BRDA:65,19,0,0
BRDA:65,19,1,0
BRDA:65,20,0,0
BRDA:65,20,1,0
BRDA:65,21,0,0
BRDA:65,21,1,0
BRDA:65,22,0,0
BRDA:65,22,1,0
BRDA:65,23,0,0
BRDA:65,23,1,0
BRDA:84,24,0,0
BRDA:100,25,0,0
BRDA:119,26,0,0
BRDA:125,27,0,0
BRDA:125,28,0,0
BRDA:125,28,1,0
BRDA:149,29,0,0
BRDA:208,30,0,0
BRDA:208,30,1,0
BRDA:221,31,0,0
BRDA:229,32,0,0
BRDA:229,32,1,0
BRDA:233,33,0,0
BRDA:233,33,1,0
BRDA:233,34,0,0
BRDA:233,34,1,0
BRDA:233,35,0,0
BRDA:233,35,1,0
BRDA:233,36,0,0
BRDA:233,36,1,0
BRDA:234,37,0,0
BRDA:234,37,1,0
BRDA:235,38,0,0
BRDA:235,38,1,0
BRDA:237,39,0,0
BRDA:237,39,1,0
BRDA:237,40,0,0
BRDA:237,40,1,0
BRDA:238,41,0,0
BRDA:238,41,1,0
BRDA:238,42,0,0
BRDA:238,42,1,0
BRDA:252,43,0,0
BRDA:252,43,1,0
BRDA:252,44,0,0
BRDA:252,44,1,0
BRDA:253,45,0,0
BRDA:253,45,1,0
BRDA:253,46,0,0
BRDA:253,46,1,0
BRDA:254,47,0,0
BRDA:254,47,1,0
BRDA:254,48,0,0
BRDA:254,48,1,0
BRDA:254,49,0,0
BRDA:254,49,1,0
BRDA:258,50,0,0
BRDA:258,50,1,0
BRDA:260,51,0,0
BRDA:260,51,1,0
BRDA:262,52,0,0
BRDA:262,52,1,0
BRDA:264,53,0,0
BRDA:264,53,1,0
BRDA:266,54,0,0
BRDA:266,54,1,0
BRDA:283,55,0,0
BRDA:291,56,0,0
BRDA:291,56,1,0
BRDA:299,57,0,0
BRDA:299,57,1,0
BRDA:300,58,0,0
BRDA:300,58,1,0
BRDA:309,59,0,0
BRDA:309,59,1,0
BRDA:324,60,0,0
BRDA:324,60,1,0
BRDA:344,61,0,0
BRDA:352,62,0,0
BRDA:352,62,1,0
BRDA:364,63,0,0
BRDA:364,63,1,0
BRDA:400,64,0,0
BRDA:400,64,1,0
BRDA:429,65,0,0
BRDA:429,65,1,0
BRDA:429,65,2,0
BRDA:431,66,0,0
BRDA:431,66,1,0
BRDA:431,67,0,0
BRDA:431,67,1,0
BRDA:446,68,0,0
BRDA:446,68,1,0
BRDA:453,69,0,0
BRDA:461,70,0,0
BRDA:461,70,1,0
BRDA:465,71,0,0
BRDA:465,72,0,0
BRDA:465,72,1,0
BRDA:465,72,2,0
BRDA:465,72,3,0
BRDA:495,73,0,0
BRDA:501,74,0,0
BRDA:501,74,1,0
BRDA:501,74,2,0
BRDA:510,75,0,0
BRDA:510,76,0,0
BRDA:510,76,1,0
BRDA:517,77,0,0
BRDA:535,78,0,0
BRDA:535,78,1,0
BRDA:555,79,0,0
BRDA:567,80,0,0
BRDA:567,81,0,0
BRDA:567,81,1,0
BRDA:569,82,0,0
BRDA:569,83,0,0
BRDA:569,83,1,0
BRDA:573,84,0,0
BRDA:583,85,0,0
BRDA:595,86,0,0
BRDA:595,86,1,0
BRDA:619,87,0,0
BRDA:619,88,0,0
BRDA:619,88,1,0
BRDA:626,89,0,0
BRDA:626,89,1,0
BRDA:637,90,0,0
BRDA:637,90,1,0
BRDA:640,91,0,0
BRDA:647,92,0,0
BRDA:647,92,1,0
BRDA:727,93,0,0
BRDA:727,93,1,0
BRDA:736,94,0,0
BRDA:736,94,1,0
BRDA:748,95,0,0
BRDA:748,95,1,0
BRDA:749,96,0,0
BRDA:774,97,0,0
BRDA:774,97,1,0
BRDA:778,98,0,0
BRDA:778,98,1,0
BRDA:793,99,0,0
BRDA:805,100,0,0
BRDA:805,100,1,0
BRDA:805,100,2,0
BRDA:809,101,0,0
BRDA:809,101,1,0
BRDA:815,102,0,0
BRDA:815,102,1,0
BRDA:816,103,0,0
BRDA:816,103,1,0
BRDA:818,104,0,0
BRDA:818,104,1,0
BRDA:838,105,0,0
BRDA:838,105,1,0
BRDA:841,106,0,0
BRDA:841,106,1,0
BRDA:846,107,0,0
BRDA:846,107,1,0
BRDA:847,108,0,0
BRDA:847,108,1,0
BRDA:852,109,0,0
BRDA:852,109,1,0
BRDA:859,110,0,0
BRDA:859,110,1,0
BRDA:859,111,0,0
BRDA:859,111,1,0
BRDA:859,111,2,0
BRDA:860,112,0,0
BRDA:860,112,1,0
BRDA:860,113,0,0
BRDA:860,113,1,0
BRDA:860,113,2,0
BRF:213
BRH:0
end_of_record
TN:
SF:src/bitbucket/bitbucket-cloud/repositories.ts
FN:10,(anonymous_7)
FN:12,(anonymous_8)
FN:16,(anonymous_10)
FN:37,(anonymous_12)
FN:43,(anonymous_14)
FN:51,(anonymous_16)
FN:54,(anonymous_17)
FN:70,(anonymous_19)
FN:81,(anonymous_21)
FN:92,(anonymous_22)
FN:99,(anonymous_24)
FN:102,(anonymous_25)
FN:107,(anonymous_27)
FNF:13
FNH:0
FNDA:0,(anonymous_7)
FNDA:0,(anonymous_8)
FNDA:0,(anonymous_10)
FNDA:0,(anonymous_12)
FNDA:0,(anonymous_14)
FNDA:0,(anonymous_16)
FNDA:0,(anonymous_17)
FNDA:0,(anonymous_19)
FNDA:0,(anonymous_21)
FNDA:0,(anonymous_22)
FNDA:0,(anonymous_24)
FNDA:0,(anonymous_25)
FNDA:0,(anonymous_27)
DA:1,0
DA:3,0
DA:4,0
DA:6,0
DA:7,0
DA:8,0
DA:10,0
DA:13,0
DA:17,0
DA:19,0
DA:21,0
DA:22,0
DA:23,0
DA:26,0
DA:31,0
DA:33,0
DA:34,0
DA:38,0
DA:40,0
DA:44,0
DA:46,0
DA:51,0
DA:55,0
DA:57,0
DA:59,0
DA:60,0
DA:61,0
DA:64,0
DA:66,0
DA:67,0
DA:71,0
DA:73,0
DA:79,0
DA:81,0
DA:93,0
DA:95,0
DA:99,0
DA:103,0
DA:104,0
DA:108,0
DA:109,0
DA:121,0
DA:122,0
DA:124,0
LF:44
LH:0
BRDA:22,0,0,0
BRDA:40,1,0,0
BRDA:40,1,1,0
BRDA:40,2,0,0
BRDA:40,2,1,0
BRDA:40,3,0,0
BRDA:40,3,1,0
BRDA:40,4,0,0
BRDA:40,4,1,0
BRDA:40,5,0,0
BRDA:40,5,1,0
BRDA:40,6,0,0
BRDA:40,6,1,0
BRDA:40,7,0,0
BRDA:40,7,1,0
BRDA:40,8,0,0
BRDA:40,8,1,0
BRDA:60,9,0,0
BRDA:79,10,0,0
BRDA:79,10,1,0
BRDA:86,11,0,0
BRDA:86,11,1,0
BRDA:87,12,0,0
BRDA:87,12,1,0
BRDA:88,13,0,0
BRDA:88,13,1,0
BRDA:99,14,0,0
BRDA:99,14,1,0
BRDA:108,15,0,0
BRDA:121,16,0,0
BRDA:121,16,1,0
BRDA:121,17,0,0
BRDA:121,17,1,0
BRDA:122,18,0,0
BRDA:122,18,1,0
BRDA:122,19,0,0
BRDA:122,19,1,0
BRDA:122,20,0,0
BRDA:122,20,1,0
BRDA:122,21,0,0
BRDA:122,21,1,0
BRDA:122,22,0,0
BRDA:122,22,1,0
BRDA:122,23,0,0
BRDA:122,23,1,0
BRDA:122,24,0,0
BRDA:122,24,1,0
BRDA:126,25,0,0
BRDA:126,25,1,0
BRDA:129,26,0,0
BRDA:129,26,1,0
BRDA:129,27,0,0
BRDA:129,27,1,0
BRF:53
BRH:0
end_of_record
TN:
SF:src/bitbucket/bitbucket-server/pullRequests.ts
FN:35,(anonymous_7)
FN:37,(anonymous_8)
FN:49,(anonymous_10)
FN:71,(anonymous_11)
FN:76,(anonymous_13)
FN:83,(anonymous_15)
FN:94,(anonymous_17)
FN:100,(anonymous_19)
FN:106,(anonymous_21)
FN:112,(anonymous_23)
FN:123,(anonymous_24)
FN:129,(anonymous_26)
FN:135,(anonymous_28)
FN:150,(anonymous_30)
FN:164,(anonymous_32)
FN:175,(anonymous_34)
FN:182,(anonymous_35)
FN:200,(anonymous_37)
FN:203,(anonymous_38)
FN:221,(anonymous_40)
FN:231,(anonymous_42)
FN:235,(anonymous_44)
FN:251,(anonymous_45)
FN:282,(anonymous_47)
FN:299,(anonymous_48)
FN:301,(anonymous_49)
FN:303,(anonymous_50)
FN:328,(anonymous_51)
FN:357,(anonymous_52)
FN:367,(anonymous_54)
FN:398,(anonymous_56)
FN:409,(anonymous_57)
FN:426,(anonymous_59)
FN:450,(anonymous_61)
FN:481,(anonymous_63)
FN:482,(anonymous_64)
FN:491,(anonymous_65)
FN:496,(anonymous_66)
FN:497,(anonymous_67)
FN:516,(anonymous_68)
FN:527,(anonymous_69)
FN:530,(anonymous_70)
FN:533,(anonymous_72)
FN:538,(anonymous_73)
FN:564,(anonymous_75)
FN:570,(anonymous_77)
FN:578,(anonymous_78)
FN:596,(anonymous_80)
FN:621,(anonymous_81)
FN:629,(anonymous_82)
FN:653,(anonymous_84)
FN:668,(anonymous_85)
FN:675,(anonymous_87)
FN:694,(anonymous_88)
FN:709,(anonymous_90)
FN:736,(anonymous_92)
FN:769,(anonymous_94)
FN:787,(anonymous_96)
FN:797,(anonymous_98)
FN:811,(anonymous_99)
FN:829,(anonymous_100)
FN:849,(anonymous_101)
FN:856,(anonymous_102)
FNF:63
FNH:0
FNDA:0,(anonymous_7)
FNDA:0,(anonymous_8)
FNDA:0,(anonymous_10)
FNDA:0,(anonymous_11)
FNDA:0,(anonymous_13)
FNDA:0,(anonymous_15)
FNDA:0,(anonymous_17)
FNDA:0,(anonymous_19)
FNDA:0,(anonymous_21)
FNDA:0,(anonymous_23)
FNDA:0,(anonymous_24)
FNDA:0,(anonymous_26)
FNDA:0,(anonymous_28)
FNDA:0,(anonymous_30)
FNDA:0,(anonymous_32)
FNDA:0,(anonymous_34)
FNDA:0,(anonymous_35)
FNDA:0,(anonymous_37)
FNDA:0,(anonymous_38)
FNDA:0,(anonymous_40)
FNDA:0,(anonymous_42)
FNDA:0,(anonymous_44)
FNDA:0,(anonymous_45)
FNDA:0,(anonymous_47)
FNDA:0,(anonymous_48)
FNDA:0,(anonymous_49)
FNDA:0,(anonymous_50)
FNDA:0,(anonymous_51)
FNDA:0,(anonymous_52)
FNDA:0,(anonymous_54)
FNDA:0,(anonymous_56)
FNDA:0,(anonymous_57)
FNDA:0,(anonymous_59)
FNDA:0,(anonymous_61)
FNDA:0,(anonymous_63)
FNDA:0,(anonymous_64)
FNDA:0,(anonymous_65)
FNDA:0,(anonymous_66)
FNDA:0,(anonymous_67)
FNDA:0,(anonymous_68)
FNDA:0,(anonymous_69)
FNDA:0,(anonymous_70)
FNDA:0,(anonymous_72)
FNDA:0,(anonymous_73)
FNDA:0,(anonymous_75)
FNDA:0,(anonymous_77)
FNDA:0,(anonymous_78)
FNDA:0,(anonymous_80)
FNDA:0,(anonymous_81)
FNDA:0,(anonymous_82)
FNDA:0,(anonymous_84)
FNDA:0,(anonymous_85)
FNDA:0,(anonymous_87)
FNDA:0,(anonymous_88)
FNDA:0,(anonymous_90)
FNDA:0,(anonymous_92)
FNDA:0,(anonymous_94)
FNDA:0,(anonymous_96)
FNDA:0,(anonymous_98)
FNDA:0,(anonymous_99)
FNDA:0,(anonymous_100)
FNDA:0,(anonymous_101)
FNDA:0,(anonymous_102)
DA:3,0
DA:4,0
DA:5,0
DA:6,0
DA:7,0
DA:8,0
DA:10,0
DA:29,0
DA:31,0
DA:32,0
DA:33,0
DA:35,0
DA:38,0
DA:39,0
DA:40,0
DA:42,0
DA:44,0
DA:49,0
DA:50,0
DA:53,0
DA:62,0
DA:63,0
DA:66,0
DA:72,0
DA:73,0
DA:77,0
DA:84,0
DA:88,0
DA:89,0
DA:91,0
DA:95,0
DA:101,0
DA:107,0
DA:108,0
DA:110,0
DA:112,0
DA:113,0
DA:120,0
DA:124,0
DA:130,0
DA:136,0
DA:138,0
DA:146,0
DA:147,0
DA:151,0
DA:153,0
DA:161,0
DA:165,0
DA:167,0
DA:175,0
DA:183,0
[...]
FN:376,(anonymous_31)
FN:394,(anonymous_32)
FN:399,(anonymous_33)
FN:404,(anonymous_34)
FN:79,(anonymous_35)
FN:121,(anonymous_36)
FN:126,(anonymous_37)
FN:409,(anonymous_38)
FN:430,(anonymous_39)
FN:431,(anonymous_40)
FN:432,(anonymous_41)
FN:433,(anonymous_42)
FN:434,(anonymous_43)
FN:443,(anonymous_44)
FN:455,(anonymous_45)
FN:488,(anonymous_46)
FN:506,(anonymous_47)
FN:506,(anonymous_48)
FN:573,(anonymous_49)
FN:585,(anonymous_50)
FN:585,(anonymous_51)
FN:609,(anonymous_52)
FN:644,(anonymous_53)
FN:689,(anonymous_54)
FN:689,(anonymous_55)
FN:803,(anonymous_56)
FN:818,(anonymous_57)
FN:821,(anonymous_58)
FN:841,(anonymous_59)
FN:863,(anonymous_60)
FN:866,(anonymous_61)
FN:880,(anonymous_62)
FN:897,(anonymous_63)
FN:914,(anonymous_64)
FNF:58
FNH:0
FNDA:0,(anonymous_7)
FNDA:0,(anonymous_8)
FNDA:0,(anonymous_9)
FNDA:0,(anonymous_10)
FNDA:0,(anonymous_11)
FNDA:0,(anonymous_12)
FNDA:0,(anonymous_13)
FNDA:0,(anonymous_14)
FNDA:0,(anonymous_15)
FNDA:0,(anonymous_16)
FNDA:0,(anonymous_17)
FNDA:0,(anonymous_18)
FNDA:0,(anonymous_19)
FNDA:0,(anonymous_20)
FNDA:0,(anonymous_21)
FNDA:0,(anonymous_22)
FNDA:0,(anonymous_23)
FNDA:0,(anonymous_24)
FNDA:0,(anonymous_25)
FNDA:0,(anonymous_26)
FNDA:0,(anonymous_27)
FNDA:0,(anonymous_28)
FNDA:0,(anonymous_29)
FNDA:0,(anonymous_30)
FNDA:0,(anonymous_31)
FNDA:0,(anonymous_32)
FNDA:0,(anonymous_33)
FNDA:0,(anonymous_34)
FNDA:0,(anonymous_35)
FNDA:0,(anonymous_36)
FNDA:0,(anonymous_37)
FNDA:0,(anonymous_38)
FNDA:0,(anonymous_39)
FNDA:0,(anonymous_40)
FNDA:0,(anonymous_41)
FNDA:0,(anonymous_42)
FNDA:0,(anonymous_43)
FNDA:0,(anonymous_44)
FNDA:0,(anonymous_45)
FNDA:0,(anonymous_46)
FNDA:0,(anonymous_47)
FNDA:0,(anonymous_48)
FNDA:0,(anonymous_49)
FNDA:0,(anonymous_50)
FNDA:0,(anonymous_51)
FNDA:0,(anonymous_52)
FNDA:0,(anonymous_53)
FNDA:0,(anonymous_54)
FNDA:0,(anonymous_55)
FNDA:0,(anonymous_56)
FNDA:0,(anonymous_57)
FNDA:0,(anonymous_58)
FNDA:0,(anonymous_59)
FNDA:0,(anonymous_60)
FNDA:0,(anonymous_61)
FNDA:0,(anonymous_62)
FNDA:0,(anonymous_63)
FNDA:0,(anonymous_64)
DA:1,0
DA:2,0
DA:3,0
DA:4,0
DA:5,0
DA:6,0
DA:7,0
DA:8,0
DA:9,0
DA:10,0
DA:11,0
DA:12,0
DA:13,0
DA:14,0
DA:16,0
DA:17,0
DA:18,0
DA:21,0
DA:22,0
DA:24,0
DA:26,0
DA:27,0
DA:28,0
DA:29,0
DA:30,0
DA:31,0
DA:38,0
DA:39,0
DA:40,0
DA:41,0
DA:42,0
DA:43,0
DA:44,0
DA:45,0
DA:46,0
DA:47,0
DA:48,0
DA:49,0
DA:59,0
DA:66,0
DA:67,0
DA:68,0
DA:71,0
DA:72,0
DA:75,0
DA:76,0
DA:80,0
DA:82,0
DA:83,0
DA:85,0
DA:86,0
DA:87,0
DA:96,0
DA:99,0
DA:100,0
DA:103,0
DA:104,0
DA:107,0
DA:108,0
DA:111,0
DA:112,0
DA:114,0
DA:118,0
DA:122,0
DA:123,0
DA:124,0
DA:126,0
DA:127,0
DA:128,0
DA:129,0
DA:131,0
DA:137,0
DA:138,0
DA:143,0
DA:144,0
DA:150,0
DA:151,0
DA:159,0
DA:160,0
DA:162,0
DA:163,0
DA:164,0
DA:165,0
DA:166,0
DA:172,0
DA:175,0
DA:177,0
DA:191,0
DA:194,0
DA:195,0
DA:196,0
DA:198,0
DA:202,0
DA:207,0
DA:208,0
DA:211,0
DA:212,0
DA:218,0
DA:222,0
DA:224,0
DA:225,0
DA:228,0
DA:232,0
DA:233,0
DA:235,0
DA:236,0
DA:241,0
DA:242,0
DA:243,0
DA:244,0
DA:258,0
DA:259,0
DA:260,0
DA:267,0
DA:270,0
DA:271,0
DA:279,0
DA:282,0
DA:283,0
DA:290,0
DA:291,0
DA:292,0
DA:299,0
DA:301,0
DA:302,0
DA:304,0
DA:308,0
DA:310,0
DA:311,0
DA:313,0
DA:317,0
DA:319,0
DA:320,0
DA:322,0
DA:326,0
DA:328,0
DA:329,0
DA:331,0
DA:335,0
DA:336,0
DA:339,0
DA:340,0
DA:341,0
DA:344,0
DA:345,0
DA:346,0
DA:354,0
DA:355,0
DA:356,0
DA:364,0
DA:365,0
DA:366,0
DA:369,0
DA:370,0
DA:371,0
DA:374,0
DA:375,0
DA:376,0
DA:377,0
DA:386,0
DA:394,0
DA:395,0
DA:396,0
DA:399,0
DA:400,0
DA:401,0
DA:404,0
DA:405,0
DA:406,0
DA:410,0
DA:411,0
DA:413,0
DA:414,0
DA:415,0
DA:416,0
DA:417,0
DA:422,0
DA:425,0
DA:426,0
DA:430,0
DA:431,0
DA:432,0
DA:433,0
DA:434,0
DA:444,0
DA:456,0
DA:489,0
DA:506,0
DA:507,0
DA:508,0
DA:574,0
DA:585,0
DA:586,0
DA:587,0
DA:610,0
DA:614,0
DA:619,0
DA:624,0
DA:628,0
DA:645,0
DA:689,0
DA:803,0
DA:819,0
DA:821,0
DA:822,0
DA:823,0
DA:824,0
DA:826,0
DA:835,0
DA:836,0
DA:841,0
DA:847,0
DA:864,0
DA:866,0
DA:867,0
DA:868,0
DA:877,0
DA:882,0
DA:883,0
DA:884,0
DA:886,0
DA:887,0
DA:889,0
DA:898,0
DA:903,0
DA:904,0
DA:907,0
DA:908,0
DA:911,0
DA:915,0
DA:916,0
DA:926,0
LF:232
LH:0
BRDA:154,0,0,0
BRDA:154,0,1,0
BRDA:160,1,0,0
BRDA:160,1,1,0
BRDA:160,1,2,0
BRDA:160,1,3,0
BRDA:160,1,4,0
BRDA:185,2,0,0
BRDA:185,2,1,0
BRDA:187,3,0,0
BRDA:187,3,1,0
BRDA:195,4,0,0
BRDA:195,4,1,0
BRDA:224,5,0,0
BRDA:224,6,0,0
BRDA:224,6,1,0
BRDA:224,6,2,0
BRDA:232,7,0,0
BRDA:301,8,0,0
BRDA:301,8,1,0
BRDA:310,9,0,0
BRDA:310,9,1,0
BRDA:319,10,0,0
BRDA:319,10,1,0
BRDA:328,11,0,0
BRDA:328,11,1,0
BRDA:82,12,0,0
BRDA:83,13,0,0
BRDA:83,13,1,0
BRDA:83,13,2,0
BRDA:83,13,3,0
BRDA:83,13,4,0
BRDA:111,14,0,0
BRDA:127,15,0,0
BRDA:128,16,0,0
BRDA:128,16,1,0
BRDA:128,17,0,0
BRDA:128,17,1,0
BRDA:413,18,0,0
BRDA:414,19,0,0
BRDA:414,19,1,0
BRDA:414,20,0,0
BRDA:414,20,1,0
BRDA:416,21,0,0
BRDA:422,22,0,0
BRDA:422,22,1,0
BRDA:422,23,0,0
BRDA:422,23,1,0
BRDA:425,24,0,0
BRDA:425,24,1,0
BRDA:428,25,0,0
BRDA:428,25,1,0
BRDA:439,26,0,0
BRDA:439,26,1,0
BRDA:439,26,2,0
BRDA:450,27,0,0
BRDA:450,27,1,0
BRDA:468,28,0,0
BRDA:468,28,1,0
BRDA:481,29,0,0
BRDA:481,29,1,0
BRDA:491,30,0,0
BRDA:491,30,1,0
BRDA:497,31,0,0
BRDA:497,31,1,0
BRDA:497,31,2,0
BRDA:497,31,3,0
BRDA:525,32,0,0
BRDA:525,32,1,0
BRDA:525,32,2,0
BRDA:525,32,3,0
BRDA:534,33,0,0
BRDA:534,33,1,0
BRDA:534,33,2,0
BRDA:541,34,0,0
BRDA:541,34,1,0
BRDA:541,34,2,0
BRDA:541,34,3,0
BRDA:541,34,4,0
BRDA:553,35,0,0
BRDA:553,35,1,0
BRDA:563,36,0,0
BRDA:563,36,1,0
BRDA:563,36,2,0
BRDA:563,37,0,0
BRDA:563,37,1,0
BRDA:563,38,0,0
BRDA:563,38,1,0
BRDA:570,39,0,0
BRDA:570,39,1,0
BRDA:578,40,0,0
BRDA:578,40,1,0
BRDA:610,41,0,0
BRDA:610,41,1,0
BRDA:614,42,0,0
BRDA:614,42,1,0
BRDA:614,43,0,0
BRDA:614,43,1,0
BRDA:619,44,0,0
BRDA:619,44,1,0
BRDA:619,45,0,0
BRDA:619,45,1,0
BRDA:624,46,0,0
BRDA:624,46,1,0
BRDA:624,46,2,0
BRDA:639,47,0,0
BRDA:639,47,1,0
BRDA:666,48,0,0
BRDA:666,48,1,0
BRDA:684,49,0,0
BRDA:684,49,1,0
BRDA:706,50,0,0
BRDA:706,50,1,0
BRDA:720,51,0,0
BRDA:720,51,1,0
BRDA:742,52,0,0
BRDA:742,52,1,0
BRDA:767,53,0,0
BRDA:767,53,1,0
BRDA:778,54,0,0
BRDA:778,54,1,0
BRDA:784,55,0,0
BRDA:784,55,1,0
BRDA:790,56,0,0
BRDA:790,56,1,0
BRDA:796,57,0,0
BRDA:796,57,1,0
BRDA:802,58,0,0
BRDA:802,58,1,0
BRDA:808,59,0,0
BRDA:808,59,1,0
BRDA:822,60,0,0
BRDA:822,61,0,0
BRDA:822,61,1,0
BRDA:823,62,0,0
BRDA:835,63,0,0
BRDA:835,64,0,0
BRDA:835,64,1,0
BRDA:867,65,0,0
BRDA:867,66,0,0
BRDA:867,66,1,0
BRDA:886,67,0,0
BRDA:886,67,1,0
BRDA:887,68,0,0
BRDA:887,68,1,0
BRDA:891,69,0,0
BRDA:891,69,1,0
BRDA:892,70,0,0
BRDA:892,70,1,0
BRDA:898,71,0,0
BRDA:899,72,0,0
BRDA:899,72,1,0
BRDA:899,72,2,0
BRDA:899,72,3,0
BRDA:907,73,0,0
BRDA:915,74,0,0
BRDA:915,75,0,0
BRDA:915,75,1,0
BRF:158
BRH:0
end_of_record
TN:
SF:src/webviews/components/issue/LinkedIssues.tsx
FN:23,(anonymous_0)
FN:43,(anonymous_1)
FN:51,(anonymous_2)
FN:52,(anonymous_3)
FN:66,(anonymous_4)
FN:80,(anonymous_5)
FN:85,(anonymous_6)
FNF:7
FNH:0
FNDA:0,(anonymous_0)
FNDA:0,(anonymous_1)
FNDA:0,(anonymous_2)
FNDA:0,(anonymous_3)
FNDA:0,(anonymous_4)
FNDA:0,(anonymous_5)
FNDA:0,(anonymous_6)
DA:1,0
DA:2,0
DA:3,0
DA:4,0
DA:6,0
DA:8,0
DA:23,0
DA:25,0
DA:35,0
DA:43,0
DA:51,0
DA:52,0
DA:53,0
DA:54,0
DA:63,0
DA:66,0
DA:67,0
DA:68,0
DA:69,0
DA:72,0
DA:80,0
DA:81,0
DA:86,0
LF:23
LH:0
BRDA:25,0,0,0
BRDA:25,0,1,0
BRDA:25,1,0,0
BRDA:25,1,1,0
BRDA:25,1,2,0
BRDA:53,2,0,0
BRDA:53,3,0,0
BRDA:53,3,1,0
BRDA:53,3,2,0
BRDA:67,4,0,0
BRDA:67,5,0,0
BRDA:67,5,1,0
BRDA:89,6,0,0
BRDA:89,6,1,0
BRDA:90,7,0,0
BRDA:90,7,1,0
BRF:16
BRH:0
end_of_record
TN:
SF:src/webviews/components/issue/NavItem.tsx
FN:16,(anonymous_0)
FNF:1
FNH:0
FNDA:0,(anonymous_0)
DA:1,0
DA:2,0
DA:3,0
DA:4,0
DA:6,0
DA:17,0
LF:6
LH:0
BRDA:19,0,0,0
BRDA:19,0,1,0
BRDA:30,1,0,0
BRDA:30,1,1,0
BRF:4
BRH:0
end_of_record
TN:
SF:src/webviews/components/issue/ParticipantList.tsx
FN:11,(anonymous_0)
FN:15,(anonymous_1)
FN:19,(anonymous_2)
FN:37,(anonymous_3)
FNF:4
FNH:0
FNDA:0,(anonymous_0)
FNDA:0,(anonymous_1)
FNDA:0,(anonymous_2)
FNDA:0,(anonymous_3)
DA:1,0
DA:2,0
DA:10,0
DA:12,0
DA:16,0
DA:17,0
DA:19,0
DA:20,0
DA:21,0
DA:22,0
DA:23,0
DA:24,0
DA:34,0
DA:38,0
LF:14
LH:0
BRDA:17,0,0,0
BRDA:20,1,0,0
BRDA:20,1,1,0
BRDA:22,2,0,0
BRDA:23,3,0,0
BRDA:23,3,1,0
BRDA:23,4,0,0
BRDA:23,4,1,0
BRF:8
BRH:0
end_of_record
TN:
SF:src/webviews/components/issue/PullRequests.tsx
FN:14,(anonymous_0)
FN:22,(anonymous_1)
FN:37,(anonymous_2)
FN:38,(anonymous_3)
FN:42,(anonymous_4)
FNF:5
FNH:0
FNDA:0,(anonymous_0)
FNDA:0,(anonymous_1)
FNDA:0,(anonymous_2)
FNDA:0,(anonymous_3)
FNDA:0,(anonymous_4)
DA:1,0
DA:2,0
DA:3,0
DA:4,0
DA:7,0
DA:15,0
DA:16,0
DA:17,0
DA:19,0
DA:23,0
DA:25,0
DA:27,0
DA:29,0
DA:31,0
DA:33,0
DA:38,0
DA:39,0
DA:42,0
LF:18
LH:0
BRDA:16,0,0,0
BRDA:23,1,0,0
BRDA:23,1,1,0
BRDA:23,1,2,0
BRDA:23,1,3,0
BRDA:23,1,4,0
BRF:6
BRH:0
end_of_record
TN:
SF:src/webviews/components/issue/StartWorkPage.tsx
FN:103,(anonymous_0)
FN:108,(anonymous_1)
FN:181,(anonymous_2)
FN:197,(anonymous_3)
FN:202,(anonymous_4)
FN:212,(anonymous_5)
FN:216,(anonymous_6)
FN:220,(anonymous_7)
FN:221,(anonymous_8)
FN:228,(anonymous_9)
FN:234,(anonymous_10)
FN:240,(anonymous_11)
FN:244,(anonymous_12)
FN:265,(anonymous_13)
FN:110,(anonymous_14)
FN:122,(anonymous_15)
FN:140,(anonymous_16)
FN:269,(anonymous_17)
FN:271,(anonymous_18)
FN:272,(anonymous_19)
FN:274,(anonymous_20)
FN:276,(anonymous_21)
FN:277,(anonymous_22)
FN:279,(anonymous_23)
FN:284,(anonymous_24)
FN:302,(anonymous_25)
FN:326,(anonymous_26)
FN:370,(anonymous_27)
FN:373,(anonymous_28)
FN:387,(anonymous_29)
FN:391,(anonymous_30)
FN:394,(anonymous_31)
FN:418,(anonymous_32)
FN:426,(anonymous_33)
FN:434,(anonymous_34)
FN:437,(anonymous_35)
FN:440,(anonymous_36)
FN:556,(anonymous_37)
FN:561,(anonymous_38)
FN:575,(anonymous_39)
FN:576,(anonymous_40)
FN:577,(anonymous_41)
FN:590,(anonymous_42)
FN:591,(anonymous_43)
FN:634,(anonymous_44)
FN:639,(anonymous_45)
FN:659,(anonymous_46)
FN:660,(anonymous_47)
FNF:48
FNH:0
FNDA:0,(anonymous_0)
FNDA:0,(anonymous_1)
FNDA:0,(anonymous_2)
FNDA:0,(anonymous_3)
FNDA:0,(anonymous_4)
FNDA:0,(anonymous_5)
FNDA:0,(anonymous_6)
FNDA:0,(anonymous_7)
FNDA:0,(anonymous_8)
FNDA:0,(anonymous_9)
FNDA:0,(anonymous_10)
FNDA:0,(anonymous_11)
FNDA:0,(anonymous_12)
FNDA:0,(anonymous_13)
FNDA:0,(anonymous_14)
FNDA:0,(anonymous_15)
FNDA:0,(anonymous_16)
FNDA:0,(anonymous_17)
FNDA:0,(anonymous_18)
FNDA:0,(anonymous_19)
FNDA:0,(anonymous_20)
FNDA:0,(anonymous_21)
FNDA:0,(anonymous_22)
FNDA:0,(anonymous_23)
FNDA:0,(anonymous_24)
FNDA:0,(anonymous_25)
FNDA:0,(anonymous_26)
FNDA:0,(anonymous_27)
FNDA:0,(anonymous_28)
FNDA:0,(anonymous_29)
FNDA:0,(anonymous_30)
FNDA:0,(anonymous_31)
FNDA:0,(anonymous_32)
FNDA:0,(anonymous_33)
FNDA:0,(anonymous_34)
FNDA:0,(anonymous_35)
FNDA:0,(anonymous_36)
FNDA:0,(anonymous_37)
FNDA:0,(anonymous_38)
FNDA:0,(anonymous_39)
FNDA:0,(anonymous_40)
FNDA:0,(anonymous_41)
FNDA:0,(anonymous_42)
FNDA:0,(anonymous_43)
FNDA:0,(anonymous_44)
FNDA:0,(anonymous_45)
FNDA:0,(anonymous_46)
FNDA:0,(anonymous_47)
DA:1,0
DA:2,0
DA:3,0
DA:4,0
DA:5,0
DA:6,0
DA:7,0
DA:8,0
DA:9,0
DA:16,0
DA:17,0
DA:18,0
DA:19,0
DA:20,0
DA:22,0
DA:29,0
DA:38,0
DA:39,0
DA:40,0
DA:41,0
DA:42,0
DA:43,0
DA:44,0
DA:55,0
DA:86,0
DA:102,0
DA:104,0
DA:105,0
DA:108,0
DA:111,0
DA:113,0
DA:114,0
DA:117,0
DA:119,0
DA:121,0
DA:122,0
DA:124,0
DA:125,0
DA:126,0
DA:127,0
DA:130,0
DA:132,0
DA:136,0
DA:137,0
DA:138,0
DA:140,0
DA:142,0
DA:145,0
DA:146,0
DA:147,0
DA:148,0
DA:151,0
DA:153,0
DA:157,0
DA:158,0
DA:165,0
DA:169,0
DA:171,0
DA:172,0
DA:174,0
DA:178,0
DA:181,0
DA:182,0
DA:183,0
DA:197,0
DA:198,0
DA:201,0
DA:202,0
DA:204,0
DA:212,0
DA:213,0
DA:216,0
DA:217,0
DA:220,0
DA:221,0
DA:222,0
DA:228,0
DA:229,0
DA:234,0
DA:235,0
DA:240,0
DA:241,0
DA:244,0
DA:245,0
DA:247,0
DA:248,0
DA:249,0
DA:250,0
DA:253,0
DA:265,0
DA:266,0
DA:270,0
DA:271,0
DA:272,0
DA:273,0
DA:274,0
DA:277,0
DA:279,0
DA:281,0
DA:293,0
DA:298,0
DA:301,0
DA:302,0
DA:305,0
DA:306,0
DA:307,0
DA:310,0
DA:327,0
DA:333,0
DA:334,0
DA:337,0
DA:338,0
DA:340,0
DA:351,0
DA:358,0
DA:359,0
DA:371,0
DA:374,0
DA:388,0
DA:392,0
DA:394,0
DA:406,0
DA:407,0
DA:408,0
DA:419,0
DA:427,0
DA:435,0
DA:438,0
DA:440,0
DA:454,0
DA:557,0
DA:561,0
DA:575,0
DA:576,0
DA:578,0
DA:590,0
DA:591,0
DA:635,0
DA:640,0
DA:659,0
DA:660,0
LF:141
LH:0
BRDA:182,0,0,0
BRDA:198,1,0,0
BRDA:198,1,1,0
BRDA:202,2,0,0
BRDA:202,2,1,0
BRDA:207,3,0,0
BRDA:207,3,1,0
BRDA:224,4,0,0
BRDA:224,4,1,0
BRDA:248,5,0,0
BRDA:249,6,0,0
BRDA:249,6,1,0
BRDA:258,7,0,0
BRDA:258,7,1,0
BRDA:261,8,0,0
BRDA:261,8,1,0
BRDA:111,9,0,0
BRDA:111,9,1,0
BRDA:111,9,2,0
BRDA:111,9,3,0
BRDA:111,9,4,0
BRDA:117,10,0,0
BRDA:117,10,1,0
BRDA:117,11,0,0
BRDA:117,11,1,0
BRDA:119,12,0,0
BRDA:119,12,1,0
BRDA:119,13,0,0
BRDA:119,13,1,0
BRDA:121,14,0,0
BRDA:121,14,1,0
BRDA:122,15,0,0
BRDA:122,15,1,0
BRDA:136,16,0,0
BRDA:136,16,1,0
BRDA:138,17,0,0
BRDA:138,18,0,0
BRDA:138,18,1,0
BRDA:140,19,0,0
BRDA:140,19,1,0
BRDA:157,20,0,0
BRDA:171,21,0,0
BRDA:293,22,0,0
BRDA:293,22,1,0
BRDA:298,23,0,0
BRDA:298,23,1,0
BRDA:301,24,0,0
BRDA:301,24,1,0
BRDA:301,24,2,0
BRDA:302,25,0,0
BRDA:302,25,1,0
BRDA:306,26,0,0
BRDA:318,27,0,0
BRDA:318,27,1,0
BRDA:320,28,0,0
BRDA:320,28,1,0
BRDA:327,29,0,0
BRDA:328,30,0,0
BRDA:328,30,1,0
BRDA:328,30,2,0
BRDA:328,30,3,0
BRDA:358,31,0,0
BRDA:358,31,1,0
BRDA:358,32,0,0
BRDA:358,32,1,0
BRDA:368,33,0,0
BRDA:368,33,1,0
BRDA:406,34,0,0
BRDA:458,35,0,0
BRDA:458,35,1,0
BRDA:460,36,0,0
BRDA:460,36,1,0
BRDA:467,37,0,0
BRDA:467,37,1,0
BRDA:475,38,0,0
BRDA:475,38,1,0
BRDA:485,39,0,0
BRDA:485,39,1,0
BRDA:517,40,0,0
BRDA:517,40,1,0
BRDA:539,41,0,0
BRDA:539,41,1,0
BRDA:539,41,2,0
BRDA:549,42,0,0
BRDA:549,42,1,0
BRDA:557,43,0,0
BRDA:557,43,1,0
BRDA:568,44,0,0
BRDA:568,44,1,0
BRDA:599,45,0,0
BRDA:599,45,1,0
BRDA:599,45,2,0
BRDA:607,46,0,0
BRDA:607,46,1,0
BRDA:623,47,0,0
BRDA:623,47,1,0
BRDA:652,48,0,0
BRDA:652,48,1,0
BRDA:672,49,0,0
BRDA:672,49,1,0
BRF:100
BRH:0
end_of_record
TN:
SF:src/webviews/components/issue/TextAreaEditor.tsx
FN:12,(anonymous_0)
FN:16,(anonymous_1)
FN:23,(anonymous_2)
FN:41,(anonymous_3)
FNF:4
FNH:0
FNDA:0,(anonymous_0)
FNDA:0,(anonymous_1)
FNDA:0,(anonymous_2)
FNDA:0,(anonymous_3)
DA:1,0
DA:2,0
DA:12,0
DA:13,0
DA:14,0
DA:16,0
DA:17,0
DA:18,0
DA:19,0
DA:23,0
DA:24,0
DA:25,0
DA:27,0
DA:28,0
DA:29,0
DA:30,0
DA:31,0
DA:34,0
DA:41,0
LF:19
LH:0
BRDA:14,0,0,0
BRDA:14,0,1,0
BRDA:14,1,0,0
BRDA:14,1,1,0
BRDA:14,2,0,0
BRDA:14,2,1,0
BRDA:17,3,0,0
BRDA:17,4,0,0
BRDA:17,4,1,0
BRDA:24,5,0,0
BRF:10
BRH:0
end_of_record
TN:
SF:src/webviews/components/issue/TransitionMenu.tsx
FN:9,(anonymous_0)
FN:17,(anonymous_1)
FN:26,(anonymous_2)
FN:47,(anonymous_3)
FN:79,(anonymous_4)
FN:56,(anonymous_5)
FN:66,(anonymous_6)
FN:67,(anonymous_7)
FN:75,(anonymous_8)
FN:76,(anonymous_9)
FN:83,(anonymous_10)
FN:100,(anonymous_11)
FN:101,(anonymous_12)
FNF:13
FNH:0
FNDA:0,(anonymous_0)
FNDA:0,(anonymous_1)
FNDA:0,(anonymous_2)
FNDA:0,(anonymous_3)
FNDA:0,(anonymous_4)
FNDA:0,(anonymous_5)
FNDA:0,(anonymous_6)
FNDA:0,(anonymous_7)
FNDA:0,(anonymous_8)
FNDA:0,(anonymous_9)
FNDA:0,(anonymous_10)
FNDA:0,(anonymous_11)
FNDA:0,(anonymous_12)
DA:1,0
DA:2,0
DA:3,0
DA:4,0
DA:5,0
DA:7,0
DA:9,0
DA:10,0
DA:17,0
DA:18,0
DA:26,0
DA:27,0
DA:46,0
DA:48,0
DA:49,0
DA:50,0
DA:57,0
DA:58,0
DA:67,0
DA:68,0
DA:69,0
DA:72,0
DA:76,0
DA:79,0
DA:80,0
DA:84,0
DA:85,0
DA:88,0
DA:100,0
DA:101,0
LF:30
LH:0
BRDA:68,0,0,0
BRDA:84,1,0,0
BRDA:84,2,0,0
BRDA:84,2,1,0
BRDA:97,3,0,0
BRDA:97,3,1,0
BRF:6
BRH:0
end_of_record
TN:
SF:src/webviews/components/issue/VotesForm.tsx
FN:26,(anonymous_0)
FN:33,(anonymous_1)
FN:43,(anonymous_2)
FN:49,(anonymous_3)
FN:65,(anonymous_4)
FN:91,(anonymous_5)
FN:96,(anonymous_6)
FN:113,(anonymous_7)
FNF:8
FNH:0
FNDA:0,(anonymous_0)
FNDA:0,(anonymous_1)
FNDA:0,(anonymous_2)
FNDA:0,(anonymous_3)
FNDA:0,(anonymous_4)
FNDA:0,(anonymous_5)
FNDA:0,(anonymous_6)
FNDA:0,(anonymous_7)
DA:1,0
DA:2,0
DA:3,0
DA:4,0
DA:6,0
DA:21,0
DA:25,0
DA:27,0
DA:28,0
DA:33,0
DA:34,0
DA:35,0
DA:37,0
DA:38,0
DA:39,0
DA:43,0
DA:44,0
DA:45,0
DA:46,0
DA:49,0
DA:50,0
DA:57,0
DA:65,0
DA:66,0
DA:67,0
DA:79,0
DA:91,0
DA:92,0
DA:93,0
DA:96,0
DA:97,0
DA:98,0
DA:106,0
DA:114,0
LF:34
LH:0
BRDA:34,0,0,0
BRDA:34,0,1,0
BRDA:66,1,0,0
BRDA:92,2,0,0
BRDA:97,3,0,0
BRDA:97,3,1,0
BRDA:97,4,0,0
BRDA:97,4,1,0
BRDA:116,5,0,0
BRDA:116,5,1,0
BRF:10
BRH:0
end_of_record
TN:
SF:src/webviews/components/issue/WatchesForm.tsx
FN:30,(anonymous_0)
FN:37,(anonymous_1)
FN:47,(anonymous_2)
FN:53,(anonymous_3)
FN:69,(anonymous_4)
FN:95,(anonymous_5)
FN:100,(anonymous_6)
FN:106,(anonymous_7)
FN:118,(anonymous_8)
FNF:9
FNH:0
FNDA:0,(anonymous_0)
FNDA:0,(anonymous_1)
FNDA:0,(anonymous_2)
FNDA:0,(anonymous_3)
FNDA:0,(anonymous_4)
FNDA:0,(anonymous_5)
FNDA:0,(anonymous_6)
FNDA:0,(anonymous_7)
FNDA:0,(anonymous_8)
DA:1,0
DA:2,0
DA:3,0
DA:4,0
DA:5,0
DA:7,0
DA:8,0
DA:9,0
DA:10,0
DA:25,0
DA:29,0
DA:31,0
DA:32,0
DA:37,0
DA:38,0
DA:39,0
DA:41,0
DA:42,0
DA:43,0
DA:47,0
DA:48,0
DA:49,0
DA:50,0
DA:53,0
DA:54,0
DA:61,0
DA:69,0
DA:70,0
DA:71,0
DA:83,0
DA:95,0
DA:96,0
DA:97,0
DA:100,0
DA:101,0
DA:102,0
DA:106,0
DA:111,0
DA:119,0
DA:129,0
LF:40
LH:0
BRDA:38,0,0,0
BRDA:38,0,1,0
BRDA:70,1,0,0
BRDA:96,2,0,0
BRDA:101,3,0,0
BRDA:101,3,1,0
BRDA:101,4,0,0
BRDA:101,4,1,0
BRF:8
BRH:0
end_of_record
TN:
SF:src/webviews/components/issue/WorklogForm.tsx
FN:36,(anonymous_0)
FN:45,(anonymous_1)
FN:50,(anonymous_2)
FN:58,(anonymous_3)
FN:74,(anonymous_4)
FN:79,(anonymous_5)
FN:89,(anonymous_6)
FN:98,(anonymous_7)
FN:99,(anonymous_8)
FN:116,(anonymous_9)
FN:137,(anonymous_10)
FN:141,(anonymous_11)
FN:160,(anonymous_12)
FN:173,(anonymous_13)
FN:174,(anonymous_14)
FN:192,(anonymous_15)
FN:199,(anonymous_16)
FN:200,(anonymous_17)
FN:218,(anonymous_18)
FN:233,(anonymous_19)
FN:236,(anonymous_20)
FNF:21
FNH:0
FNDA:0,(anonymous_0)
FNDA:0,(anonymous_1)
FNDA:0,(anonymous_2)
FNDA:0,(anonymous_3)
FNDA:0,(anonymous_4)
FNDA:0,(anonymous_5)
FNDA:0,(anonymous_6)
FNDA:0,(anonymous_7)
FNDA:0,(anonymous_8)
FNDA:0,(anonymous_9)
FNDA:0,(anonymous_10)
FNDA:0,(anonymous_11)
FNDA:0,(anonymous_12)
FNDA:0,(anonymous_13)
FNDA:0,(anonymous_14)
FNDA:0,(anonymous_15)
FNDA:0,(anonymous_16)
FNDA:0,(anonymous_17)
FNDA:0,(anonymous_18)
FNDA:0,(anonymous_19)
FNDA:0,(anonymous_20)
DA:1,0
DA:2,0
DA:3,0
DA:4,0
DA:5,0
DA:6,0
DA:8,0
DA:25,0
DA:33,0
DA:35,0
DA:37,0
DA:38,0
DA:45,0
DA:46,0
DA:47,0
DA:50,0
DA:51,0
DA:58,0
DA:59,0
DA:67,0
DA:68,0
DA:71,0
DA:75,0
DA:76,0
DA:80,0
DA:90,0
DA:99,0
DA:100,0
DA:117,0
DA:118,0
DA:119,0
DA:121,0
DA:140,0
DA:141,0
DA:142,0
DA:161,0
DA:162,0
DA:163,0
DA:165,0
DA:174,0
DA:175,0
DA:193,0
DA:200,0
DA:201,0
DA:219,0
DA:220,0
DA:221,0
DA:223,0
DA:234,0
DA:237,0
LF:50
LH:0
BRDA:52,0,0,0
BRDA:52,0,1,0
BRDA:52,0,2,0
BRDA:52,0,3,0
BRDA:63,1,0,0
BRDA:63,1,1,0
BRDA:63,2,0,0
BRDA:63,2,1,0
BRDA:67,3,0,0
BRDA:75,4,0,0
BRDA:75,4,1,0
BRDA:118,5,0,0
BRDA:162,6,0,0
BRDA:209,7,0,0
BRDA:209,7,1,0
BRDA:220,8,0,0
BRF:16
BRH:0
end_of_record
TN:
SF:src/webviews/components/issue/Worklogs.tsx
FN:9,(anonymous_0)
FN:12,(anonymous_1)
FN:13,(anonymous_2)
FN:14,(anonymous_3)
FN:28,(anonymous_4)
FN:32,(anonymous_5)
FN:37,(anonymous_6)
FNF:7
FNH:0
FNDA:0,(anonymous_0)
FNDA:0,(anonymous_1)
FNDA:0,(anonymous_2)
FNDA:0,(anonymous_3)
FNDA:0,(anonymous_4)
FNDA:0,(anonymous_5)
FNDA:0,(anonymous_6)
DA:1,0
DA:2,0
DA:4,0
DA:5,0
DA:9,0
DA:10,0
DA:12,0
DA:13,0
DA:14,0
DA:16,0
DA:19,0
DA:27,0
DA:29,0
DA:33,0
DA:38,0
LF:15
LH:0
BRDA:16,0,0,0
BRDA:16,0,1,0
BRDA:16,1,0,0
BRDA:16,1,1,0
BRF:4
BRH:0
end_of_record
TN:
SF:src/webviews/components/pullrequest/PopoutMentionPicker.tsx
FN:7,(anonymous_0)
FN:37,(anonymous_1)
FN:42,(anonymous_2)
FN:43,(anonymous_3)
FN:46,(anonymous_4)
FN:51,(anonymous_5)
FN:85,(anonymous_6)
FN:102,(anonymous_7)
FN:115,(anonymous_8)
FN:124,(anonymous_9)
FN:125,(anonymous_10)
FNF:11
FNH:0
FNDA:0,(anonymous_0)
FNDA:0,(anonymous_1)
FNDA:0,(anonymous_2)
FNDA:0,(anonymous_3)
FNDA:0,(anonymous_4)
FNDA:0,(anonymous_5)
FNDA:0,(anonymous_6)
FNDA:0,(anonymous_7)
FNDA:0,(anonymous_8)
FNDA:0,(anonymous_9)
FNDA:0,(anonymous_10)
DA:1,0
DA:2,0
DA:3,0
DA:4,0
DA:5,0
DA:7,0
DA:8,0
DA:27,0
DA:38,0
DA:39,0
DA:42,0
DA:43,0
DA:46,0
DA:47,0
DA:48,0
DA:52,0
DA:53,0
DA:85,0
DA:86,0
DA:87,0
DA:102,0
DA:103,0
DA:115,0
DA:116,0
DA:124,0
DA:125,0
DA:126,0
LF:27
LH:0
BRDA:119,0,0,0
BRDA:119,0,1,0
BRDA:120,1,0,0
BRDA:120,1,1,0
BRF:4
BRH:0
end_of_record
